TN:
SF:/home/scc/work/passport_fe/static/src/components/indexApp.vue
FN:11,_interopRequireDefault
FN:14,data
FN:26,getAppTypes
FN:29,setAppTypes
FN:41,getApps
FN:44,afterGetApps
FN:64,appRouter
FN:69,ready
FNF:8
FNH:1
FNDA:1,_interopRequireDefault
FNDA:0,data
FNDA:0,getAppTypes
FNDA:0,setAppTypes
FNDA:0,getApps
FNDA:0,afterGetApps
FNDA:0,appRouter
FNDA:0,ready
DA:0,1
DA:25,1
DA:29,0
DA:40,0
DA:43,0
DA:44,0
DA:45,0
DA:46,0
DA:47,0
DA:49,0
DA:51,0
DA:55,0
DA:58,0
DA:59,0
DA:60,0
DA:61,0
DA:62,0
DA:63,0
DA:64,0
DA:65,0
DA:69,0
DA:70,0
DA:71,0
DA:72,0
DA:74,0
DA:75,0
DA:78,0
DA:79,0
DA:83,0
LF:29
LH:2
BRDA:11,1,0,1
BRDA:11,1,1,0
BRDA:11,2,0,1
BRDA:11,2,1,1
BRDA:31,3,0,0
BRDA:31,3,1,0
BRDA:49,4,0,0
BRDA:49,4,1,0
BRF:8
BRH:4
end_of_record
TN:
SF:/home/scc/work/passport_fe/static/src/common.js
FN:11,_interopRequireDefault
FN:15,alertBox
FN:36,(anonymous_3)
FN:43,code500
FN:47,code502
FN:51,code404
FN:52,code400
FN:63,code401
FN:65,logined
FN:89,code403
FN:95,code200
FN:101,q
FN:104,qa
FN:109,afterGetToken
FN:114,saveToken
FN:120,takeToken
FN:126,clearToken
FN:131,ajax
FN:156,(anonymous_19)
FN:164,generateNianjiList
FN:178,getCodeList
FN:183,codeNameOperate
FN:184,setCodeNameLists
FN:194,getCodeNameList
FN:201,autoChangeTitle
FN:211,datepickerInit
FN:212,(anonymous_27)
FN:213,(anonymous_28)
FN:223,(anonymous_29)
FN:224,(anonymous_30)
FN:234,(anonymous_31)
FN:235,(anonymous_32)
FN:241,(anonymous_33)
FNF:33
FNH:1
FNDA:1,_interopRequireDefault
FNDA:0,alertBox
FNDA:0,(anonymous_3)
FNDA:0,code500
FNDA:0,code502
FNDA:0,code404
FNDA:0,code400
FNDA:0,code401
FNDA:0,logined
FNDA:0,code403
FNDA:0,code200
FNDA:0,q
FNDA:0,qa
FNDA:0,afterGetToken
FNDA:0,saveToken
FNDA:0,takeToken
FNDA:0,clearToken
FNDA:0,ajax
FNDA:0,(anonymous_19)
FNDA:0,generateNianjiList
FNDA:0,getCodeList
FNDA:0,codeNameOperate
FNDA:0,setCodeNameLists
FNDA:0,getCodeNameList
FNDA:0,autoChangeTitle
FNDA:0,datepickerInit
FNDA:0,(anonymous_27)
FNDA:0,(anonymous_28)
FNDA:0,(anonymous_29)
FNDA:0,(anonymous_30)
FNDA:0,(anonymous_31)
FNDA:0,(anonymous_32)
FNDA:0,(anonymous_33)
DA:0,1
DA:1,1
DA:3,1
DA:4,0
DA:5,0
DA:7,0
DA:8,0
DA:9,0
DA:10,0
DA:12,0
DA:13,0
DA:15,0
DA:16,0
DA:17,0
DA:18,0
DA:19,0
DA:20,0
DA:21,0
DA:22,0
DA:23,0
DA:24,0
DA:25,0
DA:29,1
DA:31,0
DA:32,0
DA:35,0
DA:36,0
DA:42,0
DA:43,0
DA:44,0
DA:45,0
DA:46,0
DA:47,0
DA:49,0
DA:50,0
DA:53,0
DA:54,0
DA:55,0
DA:56,0
DA:57,0
DA:58,0
DA:64,0
DA:65,0
DA:66,0
DA:67,0
DA:68,0
DA:71,0
DA:72,0
DA:76,0
DA:78,0
DA:79,0
DA:83,0
DA:84,0
DA:85,0
DA:86,0
DA:91,0
DA:92,0
DA:96,1
DA:97,0
DA:99,1
DA:100,0
DA:103,1
DA:106,0
DA:107,0
DA:111,0
DA:112,0
DA:113,0
DA:118,0
DA:119,0
DA:120,0
DA:124,0
DA:125,0
DA:128,1
DA:129,0
DA:130,0
DA:131,0
DA:135,0
DA:137,0
DA:138,0
DA:139,0
DA:140,0
DA:142,0
DA:143,0
DA:145,0
DA:146,0
DA:147,0
DA:148,0
DA:151,0
DA:152,0
DA:154,0
DA:155,0
DA:156,0
DA:157,0
DA:194,1
DA:195,0
DA:196,0
DA:197,0
DA:198,0
DA:201,0
DA:202,0
DA:203,0
DA:207,1
DA:213,1
DA:214,0
DA:215,0
DA:218,1
DA:220,0
DA:222,0
DA:223,0
DA:224,0
DA:225,0
DA:226,0
DA:228,0
DA:231,0
DA:232,0
DA:234,0
DA:237,0
DA:240,1
DA:241,0
DA:242,0
DA:243,0
DA:244,0
DA:246,0
DA:250,1
DA:252,0
DA:253,0
DA:254,0
DA:260,0
DA:263,0
DA:264,0
DA:265,0
DA:270,0
DA:289,0
DA:290,0
DA:291,0
DA:292,0
DA:297,0
DA:298,0
DA:299,0
LF:139
LH:14
BRDA:11,1,0,1
BRDA:11,1,1,0
BRDA:11,2,0,1
BRDA:11,2,1,1
BRDA:16,3,0,0
BRDA:16,3,1,0
BRDA:21,4,0,0
BRDA:21,4,1,0
BRDA:21,5,0,0
BRDA:21,5,1,0
BRDA:66,6,0,0
BRDA:66,6,1,0
BRDA:78,7,0,0
BRDA:78,7,1,0
BRDA:78,8,0,0
BRDA:78,8,1,0
BRDA:133,9,0,0
BRDA:133,9,1,0
BRDA:138,10,0,0
BRDA:138,10,1,0
BRDA:140,11,0,0
BRDA:140,11,1,0
BRDA:140,12,0,0
BRDA:140,12,1,0
BRDA:144,13,0,0
BRDA:144,13,1,0
BRDA:148,14,0,0
BRDA:148,14,1,0
BRDA:149,15,0,0
BRDA:149,15,1,0
BRDA:157,16,0,0
BRDA:157,16,1,0
BRDA:167,17,0,0
BRDA:167,17,1,0
BRDA:185,18,0,0
BRDA:185,18,1,0
BRDA:186,19,0,0
BRDA:186,19,1,0
BRDA:197,20,0,0
BRDA:197,20,1,0
BRDA:202,21,0,0
BRDA:202,21,1,0
BRF:42
BRH:4
end_of_record
TN:
SF:/home/scc/work/passport_fe/static/src/components/account.vue
FN:19,_interopRequireDefault
FN:22,data
FN:36,getPhoneNumber
FN:42,usePhoneNumber
FN:49,changePassword
FN:65,changedPassword
FN:76,ready
FNF:7
FNH:1
FNDA:3,_interopRequireDefault
FNDA:0,data
FNDA:0,getPhoneNumber
FNDA:0,usePhoneNumber
FNDA:0,changePassword
FNDA:0,changedPassword
FNDA:0,ready
DA:0,3
DA:62,1
DA:63,1
DA:66,0
DA:79,0
DA:80,0
DA:81,0
DA:82,0
DA:85,0
DA:86,0
DA:88,0
DA:92,0
DA:93,0
DA:94,0
DA:98,0
DA:99,0
DA:101,0
DA:104,0
DA:108,0
DA:109,0
DA:110,0
DA:111,0
DA:112,0
DA:114,0
DA:119,0
LF:25
LH:3
BRDA:19,1,0,2
BRDA:19,1,1,1
BRDA:19,2,0,3
BRDA:19,2,1,3
BRDA:43,3,0,0
BRDA:43,3,1,0
BRDA:50,4,0,0
BRDA:50,4,1,0
BRDA:50,5,0,0
BRDA:50,5,1,0
BRDA:51,6,0,0
BRDA:51,6,1,0
BRDA:67,7,0,0
BRDA:67,7,1,0
BRF:14
BRH:4
end_of_record
TN:
SF:/home/scc/work/passport_fe/static/src/components/components/bars/changePhoneNumber.vue
FN:15,_interopRequireDefault
FN:19,data
FN:27,doneThing
FN:32,getTestcode
FN:44,useTestcode
FN:52,testcodeTime
FN:54,temout
FN:63,(anonymous_8)
FN:70,toChangePhoneNumber
FN:78,changedPhoneNumber
FN:88,ready
FNF:11
FNH:1
FNDA:2,_interopRequireDefault
FNDA:0,data
FNDA:0,doneThing
FNDA:0,getTestcode
FNDA:0,useTestcode
FNDA:0,testcodeTime
FNDA:0,temout
FNDA:0,(anonymous_8)
FNDA:0,toChangePhoneNumber
FNDA:0,changedPhoneNumber
FNDA:0,ready
DA:0,2
DA:43,1
DA:44,1
DA:47,0
DA:54,0
DA:55,0
DA:58,0
DA:61,0
DA:62,0
DA:65,0
DA:66,0
DA:67,0
DA:69,0
DA:73,0
DA:74,0
DA:75,0
DA:77,0
DA:81,0
DA:82,0
DA:83,0
DA:84,0
DA:85,0
DA:86,0
DA:88,0
DA:89,0
DA:90,0
DA:91,0
DA:92,0
DA:97,0
DA:100,0
DA:104,0
DA:105,0
DA:108,0
DA:109,0
DA:110,0
DA:111,0
DA:113,0
LF:37
LH:3
BRDA:15,1,0,2
BRDA:15,1,1,0
BRDA:15,2,0,2
BRDA:15,2,1,2
BRDA:29,3,0,0
BRDA:29,3,1,0
BRDA:33,4,0,0
BRDA:33,4,1,0
BRDA:33,5,0,0
BRDA:33,5,1,0
BRDA:33,5,2,0
BRDA:46,6,0,0
BRDA:46,6,1,0
BRDA:55,7,0,0
BRDA:55,7,1,0
BRDA:80,8,0,0
BRDA:80,8,1,0
BRF:17
BRH:4
end_of_record
TN:
SF:/home/scc/work/passport_fe/static/src/components/adminApp.vue
FN:15,_interopRequireDefault
FN:18,data
FN:58,doneThing
FN:65,getAppTypes
FN:68,useAppType
FN:77,getGroupList
FN:80,useGroupList
FN:88,getAppList
FN:91,useAppList
FN:97,_loop
FN:98,(anonymous_11)
FN:124,changeActiveCid
FN:129,(anonymous_13)
FN:135,getOneAppMsg
FN:143,setOneAppMsg
FN:148,(anonymous_16)
FN:152,(anonymous_17)
FN:160,deleteOneApp
FN:164,addOneApp
FN:168,editOneApp
FN:174,editAppOrder
FN:182,ready
FNF:22
FNH:1
FNDA:2,_interopRequireDefault
FNDA:0,data
FNDA:0,doneThing
FNDA:0,getAppTypes
FNDA:0,useAppType
FNDA:0,getGroupList
FNDA:0,useGroupList
FNDA:0,getAppList
FNDA:0,useAppList
FNDA:0,_loop
FNDA:0,(anonymous_11)
FNDA:0,changeActiveCid
FNDA:0,(anonymous_13)
FNDA:0,getOneAppMsg
FNDA:0,setOneAppMsg
FNDA:0,(anonymous_16)
FNDA:0,(anonymous_17)
FNDA:0,deleteOneApp
FNDA:0,addOneApp
FNDA:0,editOneApp
FNDA:0,editAppOrder
FNDA:0,ready
DA:0,2
DA:226,1
DA:229,0
DA:269,0
DA:270,0
DA:271,0
DA:273,0
DA:276,0
DA:279,0
DA:280,0
DA:281,0
DA:282,0
DA:284,0
DA:288,0
DA:291,0
DA:292,0
DA:293,0
DA:296,0
DA:300,0
DA:302,0
DA:303,0
DA:304,0
DA:305,0
DA:306,0
DA:307,0
DA:308,0
DA:312,0
DA:313,0
DA:314,0
DA:315,0
DA:316,0
DA:317,0
DA:318,0
DA:322,0
DA:323,0
DA:325,0
DA:328,0
DA:329,0
DA:330,0
DA:331,0
DA:332,0
DA:333,0
DA:338,0
DA:339,0
DA:340,0
DA:341,0
DA:342,0
DA:343,0
DA:345,0
DA:346,0
DA:347,0
DA:348,0
DA:349,0
DA:350,0
DA:351,0
DA:352,0
DA:355,0
DA:359,0
DA:360,0
DA:363,0
DA:364,0
DA:368,0
DA:369,0
DA:370,0
DA:371,0
DA:374,0
DA:377,0
DA:378,0
DA:382,0
DA:383,0
LF:70
LH:2
BRDA:15,1,0,2
BRDA:15,1,1,0
BRDA:15,2,0,2
BRDA:15,2,1,2
BRDA:60,3,0,0
BRDA:60,3,1,0
BRDA:69,4,0,0
BRDA:69,4,1,0
BRDA:81,5,0,0
BRDA:81,5,1,0
BRDA:94,6,0,0
BRDA:94,6,1,0
BRDA:99,7,0,0
BRDA:99,7,1,0
BRDA:111,8,0,0
BRDA:111,8,1,0
BRDA:130,9,0,0
BRDA:130,9,1,0
BRDA:147,10,0,0
BRDA:147,10,1,0
BRF:20
BRH:4
end_of_record
TN:
SF:/home/scc/work/passport_fe/static/src/components/adminAssess.vue
FN:15,_interopRequireDefault
FN:18,data
FN:30,doneThing
FN:35,getDate
FN:51,getAssess
FN:65,setAssess
FN:75,getRequest
FN:80,setRequest
FN:90,ready
FNF:9
FNH:1
FNDA:2,_interopRequireDefault
FNDA:0,data
FNDA:0,doneThing
FNDA:0,getDate
FNDA:0,getAssess
FNDA:0,setAssess
FNDA:0,getRequest
FNDA:0,setRequest
FNDA:0,ready
DA:0,2
DA:98,1
DA:101,0
DA:112,0
DA:114,0
DA:117,0
DA:118,0
DA:119,0
DA:120,0
DA:121,0
DA:123,0
DA:124,0
DA:126,0
DA:128,0
DA:129,0
DA:130,0
DA:133,0
DA:134,0
DA:135,0
DA:136,0
DA:140,0
DA:141,0
DA:142,0
DA:143,0
DA:146,0
DA:147,0
DA:148,0
DA:149,0
DA:150,0
DA:152,0
DA:156,0
DA:157,0
DA:160,0
DA:161,0
DA:162,0
DA:163,0
DA:165,0
DA:170,0
DA:171,0
LF:39
LH:2
BRDA:15,1,0,2
BRDA:15,1,1,0
BRDA:15,2,0,2
BRDA:15,2,1,2
BRDA:39,3,0,0
BRDA:39,3,1,0
BRDA:42,4,0,0
BRDA:42,4,1,0
BRDA:67,5,0,0
BRDA:67,5,1,0
BRDA:82,6,0,0
BRDA:82,6,1,0
BRF:12
BRH:4
end_of_record
TN:
SF:/home/scc/work/passport_fe/static/src/components/adminGroups.vue
FN:15,_interopRequireDefault
FN:18,data
FN:41,doneThing
FN:48,getGroupList
FN:52,useGroupList
FN:61,changeActiveCid
FN:70,editOneGroup
FN:74,deleteOneGroup
FN:78,addOneGroup
FN:83,ready
FNF:10
FNH:1
FNDA:2,_interopRequireDefault
FNDA:0,data
FNDA:0,doneThing
FNDA:0,getGroupList
FNDA:0,useGroupList
FNDA:0,changeActiveCid
FNDA:0,editOneGroup
FNDA:0,deleteOneGroup
FNDA:0,addOneGroup
FNDA:0,ready
DA:0,2
DA:120,1
DA:123,0
DA:145,0
DA:146,0
DA:147,0
DA:149,0
DA:152,0
DA:153,0
DA:156,0
DA:157,0
DA:158,0
DA:159,0
DA:161,0
DA:165,0
DA:166,0
DA:167,0
DA:169,0
DA:170,0
DA:171,0
DA:175,0
DA:176,0
DA:179,0
DA:180,0
DA:183,0
DA:184,0
DA:188,0
LF:27
LH:2
BRDA:15,1,0,2
BRDA:15,1,1,0
BRDA:15,2,0,2
BRDA:15,2,1,2
BRDA:43,3,0,0
BRDA:43,3,1,0
BRDA:53,4,0,0
BRDA:53,4,1,0
BRF:8
BRH:4
end_of_record
TN:
SF:/home/scc/work/passport_fe/static/src/components/admin_authorization.vue
FN:11,_interopRequireDefault
FN:14,data
FN:19,doneThing
FN:25,ready
FNF:4
FNH:1
FNDA:1,_interopRequireDefault
FNDA:0,data
FNDA:0,doneThing
FNDA:0,ready
DA:0,1
DA:94,1
DA:97,0
DA:101,0
DA:102,0
DA:105,0
LF:6
LH:2
BRDA:11,1,0,1
BRDA:11,1,1,0
BRDA:11,2,0,1
BRDA:11,2,1,1
BRDA:21,3,0,0
BRDA:21,3,1,0
BRF:6
BRH:4
end_of_record
TN:
SF:/home/scc/work/passport_fe/static/src/components/admin_feedback.vue
FN:15,_interopRequireDefault
FN:18,data
FN:37,doneThing
FN:44,toActivityId
FN:49,getOneOpinion
FN:54,setOneOpinion
FN:62,getOpinionList
FN:67,setOpinionList
FN:79,backOneOpinion
FN:83,deleteOpinion
FN:90,sendMsm
FN:94,ready
FNF:12
FNH:1
FNDA:2,_interopRequireDefault
FNDA:0,data
FNDA:0,doneThing
FNDA:0,toActivityId
FNDA:0,getOneOpinion
FNDA:0,setOneOpinion
FNDA:0,getOpinionList
FNDA:0,setOpinionList
FNDA:0,backOneOpinion
FNDA:0,deleteOpinion
FNDA:0,sendMsm
FNDA:0,ready
DA:0,2
DA:140,1
DA:143,0
DA:161,0
DA:162,0
DA:163,0
DA:165,0
DA:168,0
DA:169,0
DA:170,0
DA:173,0
DA:174,0
DA:175,0
DA:178,0
DA:179,0
DA:180,0
DA:182,0
DA:186,0
DA:187,0
DA:188,0
DA:191,0
DA:192,0
DA:193,0
DA:194,0
DA:195,0
DA:196,0
DA:197,0
DA:199,0
DA:203,0
DA:204,0
DA:207,0
DA:210,0
DA:211,0
DA:214,0
DA:218,0
LF:35
LH:2
BRDA:15,1,0,2
BRDA:15,1,1,0
BRDA:15,2,0,2
BRDA:15,2,1,2
BRDA:39,3,0,0
BRDA:39,3,1,0
BRDA:56,4,0,0
BRDA:56,4,1,0
BRDA:69,5,0,0
BRDA:69,5,1,0
BRF:10
BRH:4
end_of_record
TN:
SF:/home/scc/work/passport_fe/static/src/components/admin_photo.vue
FN:11,_interopRequireDefault
FN:14,data
FN:21,doneThing
FN:28,getApplyList
FN:31,setApplyList
FN:40,ready
FNF:6
FNH:1
FNDA:1,_interopRequireDefault
FNDA:0,data
FNDA:0,doneThing
FNDA:0,getApplyList
FNDA:0,setApplyList
FNDA:0,ready
DA:0,1
DA:84,1
DA:87,0
DA:93,0
DA:94,0
DA:95,0
DA:97,0
DA:100,0
DA:103,0
DA:104,0
DA:105,0
DA:107,0
DA:112,0
LF:13
LH:2
BRDA:11,1,0,1
BRDA:11,1,1,0
BRDA:11,2,0,1
BRDA:11,2,1,1
BRDA:23,3,0,0
BRDA:23,3,1,0
BRDA:33,4,0,0
BRDA:33,4,1,0
BRF:8
BRH:4
end_of_record
TN:
SF:/home/scc/work/passport_fe/static/src/components/app_duty.vue
FN:11,_interopRequireDefault
FN:14,data
FN:22,doneThing
FN:27,getDate
FN:44,getOneDayList
FN:48,setList
FN:59,time
FN:65,ready
FNF:8
FNH:1
FNDA:1,_interopRequireDefault
FNDA:0,data
FNDA:0,doneThing
FNDA:0,getDate
FNDA:0,getOneDayList
FNDA:0,setList
FNDA:0,time
FNDA:0,ready
DA:0,1
DA:53,1
DA:56,0
DA:63,0
DA:64,0
DA:67,0
DA:70,0
DA:71,0
DA:72,0
DA:73,0
DA:74,0
DA:76,0
DA:77,0
DA:79,0
DA:81,0
DA:82,0
DA:83,0
DA:84,0
DA:88,0
DA:89,0
DA:92,0
DA:93,0
DA:94,0
DA:95,0
DA:99,0
DA:105,0
DA:106,0
DA:111,0
DA:112,0
LF:29
LH:2
BRDA:11,1,0,1
BRDA:11,1,1,0
BRDA:11,2,0,1
BRDA:11,2,1,1
BRDA:24,3,0,0
BRDA:24,3,1,0
BRDA:31,4,0,0
BRDA:31,4,1,0
BRDA:34,5,0,0
BRDA:34,5,1,0
BRDA:50,6,0,0
BRDA:50,6,1,0
BRDA:60,7,0,0
BRDA:60,7,1,0
BRF:14
BRH:4
end_of_record
TN:
SF:/home/scc/work/passport_fe/static/src/components/app_duty_add.vue
FN:15,_interopRequireDefault
FN:18,data
FN:58,doneThing
FN:63,getDate
FN:67,getworkPlace
FN:70,setworkPlace
FN:79,getDepartmentPeoples
FN:83,setDepartmentPeoples
FN:91,getTypeList
FN:94,setTypeList
FN:103,getWeekdayList
FN:106,setWeekdayList
FN:115,addByDay
FN:127,addByWeekday
FN:141,addByTime
FN:155,ready
FNF:16
FNH:1
FNDA:2,_interopRequireDefault
FNDA:0,data
FNDA:0,doneThing
FNDA:0,getDate
FNDA:0,getworkPlace
FNDA:0,setworkPlace
FNDA:0,getDepartmentPeoples
FNDA:0,setDepartmentPeoples
FNDA:0,getTypeList
FNDA:0,setTypeList
FNDA:0,getWeekdayList
FNDA:0,setWeekdayList
FNDA:0,addByDay
FNDA:0,addByWeekday
FNDA:0,addByTime
FNDA:0,ready
DA:0,2
DA:181,1
DA:184,0
DA:223,0
DA:227,0
DA:230,0
DA:231,0
DA:234,0
DA:237,0
DA:238,0
DA:239,0
DA:240,0
DA:242,0
DA:246,0
DA:247,0
DA:250,0
DA:251,0
DA:252,0
DA:254,0
DA:258,0
DA:261,0
DA:262,0
DA:263,0
DA:264,0
DA:266,0
DA:270,0
DA:273,0
DA:274,0
DA:275,0
DA:276,0
DA:278,0
DA:282,0
DA:289,0
DA:290,0
DA:291,0
DA:294,0
DA:303,0
DA:304,0
DA:305,0
DA:308,0
DA:316,0
DA:317,0
DA:318,0
DA:322,0
DA:323,0
DA:324,0
DA:325,0
DA:326,0
LF:48
LH:2
BRDA:15,1,0,2
BRDA:15,1,1,0
BRDA:15,2,0,2
BRDA:15,2,1,2
BRDA:72,3,0,0
BRDA:72,3,1,0
BRDA:85,4,0,0
BRDA:85,4,1,0
BRDA:96,5,0,0
BRDA:96,5,1,0
BRDA:108,6,0,0
BRDA:108,6,1,0
BRF:12
BRH:4
end_of_record
TN:
SF:/home/scc/work/passport_fe/static/src/components/app_duty_del.vue
FN:15,_interopRequireDefault
FN:18,data
FN:43,doneThing
FN:48,getDate
FN:53,getworkPlace
FN:56,setworkPlace
FN:64,getDepartmentPeoples
FN:67,setDepartmentPeoples
FN:75,delByDay
FN:84,delByTime
FN:94,delByAll
FN:104,doneDelThing
FN:109,ready
FNF:13
FNH:1
FNDA:2,_interopRequireDefault
FNDA:0,data
FNDA:0,doneThing
FNDA:0,getDate
FNDA:0,getworkPlace
FNDA:0,setworkPlace
FNDA:0,getDepartmentPeoples
FNDA:0,setDepartmentPeoples
FNDA:0,delByDay
FNDA:0,delByTime
FNDA:0,delByAll
FNDA:0,doneDelThing
FNDA:0,ready
DA:0,2
DA:117,1
DA:120,0
DA:144,0
DA:145,0
DA:148,0
DA:151,0
DA:152,0
DA:155,0
DA:158,0
DA:159,0
DA:160,0
DA:162,0
DA:166,0
DA:169,0
DA:170,0
DA:171,0
DA:173,0
DA:177,0
DA:182,0
DA:183,0
DA:186,0
DA:192,0
DA:193,0
DA:196,0
DA:201,0
DA:202,0
DA:205,0
DA:206,0
DA:210,0
DA:211,0
DA:212,0
LF:32
LH:2
BRDA:15,1,0,2
BRDA:15,1,1,0
BRDA:15,2,0,2
BRDA:15,2,1,2
BRDA:45,3,0,0
BRDA:45,3,1,0
BRDA:58,4,0,0
BRDA:58,4,1,0
BRDA:69,5,0,0
BRDA:69,5,1,0
BRF:10
BRH:4
end_of_record
TN:
SF:/home/scc/work/passport_fe/static/src/components/app_kqtj.vue
FN:11,_interopRequireDefault
FN:14,data
FN:31,doneThing
FN:36,getDate
FN:52,getPage
FN:60,selectedDay
FN:74,getRequest
FN:79,setRequest
FN:89,ready
FNF:9
FNH:1
FNDA:1,_interopRequireDefault
FNDA:0,data
FNDA:0,doneThing
FNDA:0,getDate
FNDA:0,getPage
FNDA:0,selectedDay
FNDA:0,getRequest
FNDA:0,setRequest
FNDA:0,ready
DA:0,1
DA:87,1
DA:90,0
DA:106,0
DA:108,0
DA:111,0
DA:112,0
DA:113,0
DA:114,0
DA:115,0
DA:117,0
DA:118,0
DA:120,0
DA:122,0
DA:123,0
DA:124,0
DA:127,0
DA:128,0
DA:129,0
DA:130,0
DA:131,0
DA:134,0
DA:135,0
DA:136,0
DA:137,0
DA:139,0
DA:140,0
DA:141,0
DA:142,0
DA:144,0
DA:148,0
DA:149,0
DA:152,0
DA:153,0
DA:154,0
DA:155,0
DA:157,0
DA:174,0
DA:175,0
LF:39
LH:2
BRDA:11,1,0,1
BRDA:11,1,1,0
BRDA:11,2,0,1
BRDA:11,2,1,1
BRDA:40,3,0,0
BRDA:40,3,1,0
BRDA:43,4,0,0
BRDA:43,4,1,0
BRDA:62,5,0,0
BRDA:62,5,1,0
BRDA:81,6,0,0
BRDA:81,6,1,0
BRF:12
BRH:4
end_of_record
TN:
SF:/home/scc/work/passport_fe/static/src/components/app_kqyc.vue
FN:15,_interopRequireDefault
FN:18,data
FN:50,doneThing
FN:55,getDate
FN:71,getAdmin
FN:75,deleteLeave
FN:79,getWeekday
FN:83,setWeekday
FN:93,showdelete
FN:96,hiddelete
FN:101,getPage
FN:109,selectedDay
FN:123,addDay
FN:134,elecAdd
FN:144,otherAdd
FN:155,ready
FNF:16
FNH:1
FNDA:2,_interopRequireDefault
FNDA:0,data
FNDA:0,doneThing
FNDA:0,getDate
FNDA:0,getAdmin
FNDA:0,deleteLeave
FNDA:0,getWeekday
FNDA:0,setWeekday
FNDA:0,showdelete
FNDA:0,hiddelete
FNDA:0,getPage
FNDA:0,selectedDay
FNDA:0,addDay
FNDA:0,elecAdd
FNDA:0,otherAdd
FNDA:0,ready
DA:0,2
DA:155,1
DA:158,0
DA:189,0
DA:195,0
DA:198,0
DA:199,0
DA:200,0
DA:201,0
DA:202,0
DA:204,0
DA:205,0
DA:207,0
DA:209,0
DA:210,0
DA:211,0
DA:214,0
DA:215,0
DA:218,0
DA:219,0
DA:222,0
DA:225,0
DA:226,0
DA:227,0
DA:228,0
DA:229,0
DA:231,0
DA:235,0
DA:238,0
DA:239,0
DA:240,0
DA:243,0
DA:244,0
DA:245,0
DA:246,0
DA:247,0
DA:250,0
DA:251,0
DA:252,0
DA:253,0
DA:254,0
DA:255,0
DA:256,0
DA:257,0
DA:258,0
DA:260,0
DA:264,0
DA:270,0
DA:271,0
DA:272,0
DA:275,0
DA:280,0
DA:281,0
DA:282,0
DA:285,0
DA:290,0
DA:291,0
DA:292,0
DA:296,0
DA:297,0
DA:298,0
LF:61
LH:2
BRDA:15,1,0,2
BRDA:15,1,1,0
BRDA:15,2,0,2
BRDA:15,2,1,2
BRDA:59,3,0,0
BRDA:59,3,1,0
BRDA:62,4,0,0
BRDA:62,4,1,0
BRDA:85,5,0,0
BRDA:85,5,1,0
BRDA:111,6,0,0
BRDA:111,6,1,0
BRF:12
BRH:4
end_of_record
TN:
SF:/home/scc/work/passport_fe/static/src/components/app_leave.vue
FN:15,_interopRequireDefault
FN:18,data
FN:35,doneThing
FN:44,getDate
FN:60,getLeaveType
FN:64,setLeaveType
FN:74,getAdmin
FN:78,getaskLeave
FN:82,setaskLeave
FN:91,detailMsg
FN:100,PostAskLeave
FN:111,deleteLeave
FN:115,returnLeave
FN:120,ready
FNF:14
FNH:1
FNDA:2,_interopRequireDefault
FNDA:0,data
FNDA:0,doneThing
FNDA:0,getDate
FNDA:0,getLeaveType
FNDA:0,setLeaveType
FNDA:0,getAdmin
FNDA:0,getaskLeave
FNDA:0,setaskLeave
FNDA:0,detailMsg
FNDA:0,PostAskLeave
FNDA:0,deleteLeave
FNDA:0,returnLeave
FNDA:0,ready
DA:0,2
DA:142,1
DA:145,0
DA:161,0
DA:163,0
DA:164,0
DA:165,0
DA:166,0
DA:167,0
DA:170,0
DA:171,0
DA:172,0
DA:173,0
DA:174,0
DA:176,0
DA:177,0
DA:179,0
DA:181,0
DA:182,0
DA:183,0
DA:186,0
DA:189,0
DA:190,0
DA:191,0
DA:192,0
DA:193,0
DA:195,0
DA:199,0
DA:200,0
DA:206,0
DA:209,0
DA:210,0
DA:211,0
DA:212,0
DA:214,0
DA:218,0
DA:219,0
DA:220,0
DA:221,0
DA:222,0
DA:227,0
DA:233,0
DA:234,0
DA:235,0
DA:238,0
DA:239,0
DA:242,0
DA:243,0
DA:247,0
DA:248,0
DA:249,0
DA:250,0
LF:52
LH:2
BRDA:15,1,0,2
BRDA:15,1,1,0
BRDA:15,2,0,2
BRDA:15,2,1,2
BRDA:48,3,0,0
BRDA:48,3,1,0
BRDA:51,4,0,0
BRDA:51,4,1,0
BRDA:66,5,0,0
BRDA:66,5,1,0
BRDA:84,6,0,0
BRDA:84,6,1,0
BRDA:94,7,0,0
BRDA:94,7,1,0
BRF:14
BRH:4
end_of_record
TN:
SF:/home/scc/work/passport_fe/static/src/components/app_leave_dy.vue
FN:11,_interopRequireDefault
FN:14,data
FN:28,doneThing
FN:33,detailMsg
FN:42,getLeaveMsg
FN:46,setLeaveMsg
FN:62,ready
FNF:7
FNH:1
FNDA:1,_interopRequireDefault
FNDA:0,data
FNDA:0,doneThing
FNDA:0,detailMsg
FNDA:0,getLeaveMsg
FNDA:0,setLeaveMsg
FNDA:0,ready
DA:0,1
DA:58,1
DA:61,0
DA:74,0
DA:76,0
DA:79,0
DA:80,0
DA:81,0
DA:82,0
DA:83,0
DA:88,0
DA:91,0
DA:92,0
DA:93,0
DA:94,0
DA:95,0
DA:96,0
DA:97,0
DA:98,0
DA:99,0
DA:100,0
DA:102,0
DA:107,0
DA:108,0
DA:109,0
DA:110,0
DA:111,0
LF:27
LH:2
BRDA:11,1,0,1
BRDA:11,1,1,0
BRDA:11,2,0,1
BRDA:11,2,1,1
BRDA:36,3,0,0
BRDA:36,3,1,0
BRDA:48,4,0,0
BRDA:48,4,1,0
BRF:8
BRH:4
end_of_record
TN:
SF:/home/scc/work/passport_fe/static/src/components/app_leave_sh.vue
FN:15,_interopRequireDefault
FN:18,data
FN:39,doneThing
FN:45,getPage
FN:51,selectedDay
FN:64,detailMsg
FN:76,getAdmin
FN:80,getLeaveStatus
FN:84,setLeaveStatus
FN:94,deleteLeave
FN:98,PostLeaveStatus
FN:108,ready
FNF:12
FNH:1
FNDA:2,_interopRequireDefault
FNDA:0,data
FNDA:0,doneThing
FNDA:0,getPage
FNDA:0,selectedDay
FNDA:0,detailMsg
FNDA:0,getAdmin
FNDA:0,getLeaveStatus
FNDA:0,setLeaveStatus
FNDA:0,deleteLeave
FNDA:0,PostLeaveStatus
FNDA:0,ready
DA:0,2
DA:138,1
DA:141,0
DA:161,0
DA:163,0
DA:164,0
DA:167,0
DA:168,0
DA:169,0
DA:172,0
DA:173,0
DA:174,0
DA:176,0
DA:177,0
DA:178,0
DA:179,0
DA:181,0
DA:185,0
DA:186,0
DA:187,0
DA:188,0
DA:189,0
DA:190,0
DA:191,0
DA:192,0
DA:197,0
DA:198,0
DA:201,0
DA:204,0
DA:205,0
DA:206,0
DA:207,0
DA:208,0
DA:210,0
DA:214,0
DA:215,0
DA:218,0
DA:219,0
DA:222,0
DA:223,0
DA:224,0
DA:228,0
DA:229,0
DA:230,0
LF:44
LH:2
BRDA:15,1,0,2
BRDA:15,1,1,0
BRDA:15,2,0,2
BRDA:15,2,1,2
BRDA:53,3,0,0
BRDA:53,3,1,0
BRDA:67,4,0,0
BRDA:67,4,1,0
BRDA:86,5,0,0
BRDA:86,5,1,0
BRF:10
BRH:4
end_of_record
TN:
SF:/home/scc/work/passport_fe/static/src/components/app_leave_sp.vue
FN:15,_interopRequireDefault
FN:18,data
FN:38,doneThing
FN:43,getPage
FN:50,selectedDay
FN:63,getAdmin
FN:68,detailMsg
FN:80,PostLeaveStatus
FN:90,ready
FNF:9
FNH:1
FNDA:2,_interopRequireDefault
FNDA:0,data
FNDA:0,doneThing
FNDA:0,getPage
FNDA:0,selectedDay
FNDA:0,getAdmin
FNDA:0,detailMsg
FNDA:0,PostLeaveStatus
FNDA:0,ready
DA:0,2
DA:119,1
DA:122,0
DA:141,0
DA:142,0
DA:143,0
DA:146,0
DA:147,0
DA:148,0
DA:149,0
DA:152,0
DA:153,0
DA:154,0
DA:155,0
DA:156,0
DA:157,0
DA:158,0
DA:159,0
DA:161,0
DA:165,0
DA:166,0
DA:169,0
DA:170,0
DA:171,0
DA:172,0
DA:173,0
DA:174,0
DA:175,0
DA:176,0
DA:181,0
DA:182,0
DA:185,0
DA:186,0
DA:187,0
DA:191,0
DA:192,0
LF:36
LH:2
BRDA:15,1,0,2
BRDA:15,1,1,0
BRDA:15,2,0,2
BRDA:15,2,1,2
BRDA:52,3,0,0
BRDA:52,3,1,0
BRDA:71,4,0,0
BRDA:71,4,1,0
BRF:8
BRH:4
end_of_record
TN:
SF:/home/scc/work/passport_fe/static/src/components/app_lxdj.vue
FN:21,_interopRequireDefault
FN:24,data
FN:36,doneThing
FN:44,getGohomeList
FN:48,setLocationList
FN:56,submitLocation
FN:69,locationVuex
FN:73,getedLocation
FN:82,ready
FNF:9
FNH:1
FNDA:3,_interopRequireDefault
FNDA:0,data
FNDA:0,doneThing
FNDA:0,getGohomeList
FNDA:0,setLocationList
FNDA:0,submitLocation
FNDA:0,locationVuex
FNDA:0,getedLocation
FNDA:0,ready
DA:0,3
DA:63,1
DA:64,1
DA:65,1
DA:68,0
DA:79,0
DA:80,0
DA:81,0
DA:83,0
DA:86,0
DA:87,0
DA:90,0
DA:91,0
DA:92,0
DA:94,0
DA:98,0
DA:99,0
DA:102,0
DA:103,0
DA:105,0
DA:110,0
DA:111,0
DA:118,0
LF:23
LH:4
BRDA:21,1,0,2
BRDA:21,1,1,1
BRDA:21,2,0,3
BRDA:21,2,1,3
BRDA:38,3,0,0
BRDA:38,3,1,0
BRDA:50,4,0,0
BRDA:50,4,1,0
BRDA:57,5,0,0
BRDA:57,5,1,0
BRF:10
BRH:4
end_of_record
TN:
SF:/home/scc/work/passport_fe/static/src/components/components/getLocation.vue
FN:13,_interopRequireDefault
FN:16,data
FN:23,mapInit
FN:26,(anonymous_4)
FN:38,onComplete
FN:43,onError
FN:48,getFullLocation
FN:56,(anonymous_8)
FN:62,setFullLocation
FN:74,ready
FNF:10
FNH:1
FNDA:1,_interopRequireDefault
FNDA:0,data
FNDA:0,mapInit
FNDA:0,(anonymous_4)
FNDA:0,onComplete
FNDA:0,onError
FNDA:0,getFullLocation
FNDA:0,(anonymous_8)
FNDA:0,setFullLocation
FNDA:0,ready
DA:0,1
DA:7,1
DA:8,1
DA:11,0
DA:17,0
DA:18,0
DA:19,0
DA:20,0
DA:25,0
DA:26,0
DA:27,0
DA:28,0
DA:30,0
DA:33,0
DA:34,0
DA:35,0
DA:38,0
DA:39,0
DA:48,0
DA:50,0
DA:52,0
DA:56,0
DA:57,0
DA:58,0
DA:63,0
DA:64,0
DA:66,0
DA:75,0
LF:28
LH:3
BRDA:13,1,0,1
BRDA:13,1,1,0
BRDA:13,2,0,1
BRDA:13,2,1,1
BRDA:57,3,0,0
BRDA:57,3,1,0
BRDA:57,4,0,0
BRDA:57,4,1,0
BRF:8
BRH:4
end_of_record
TN:
SF:/home/scc/work/passport_fe/static/src/vuex/actions.js
FN:12,_interopRequireWildcard
FN:14,getLocation
FN:19,regainLocation
FN:25,changeJgBar
FN:31,changeFamilyBar
FN:37,changeZcjbBar
FN:43,changeZgxlBar
FN:49,changePeopleNumber
FN:54,changeJtdqBar
FNF:9
FNH:1
FNDA:1,_interopRequireWildcard
FNDA:0,getLocation
FNDA:0,regainLocation
FNDA:0,changeJgBar
FNDA:0,changeFamilyBar
FNDA:0,changeZcjbBar
FNDA:0,changeZgxlBar
FNDA:0,changePeopleNumber
FNDA:0,changeJtdqBar
DA:0,1
DA:1,1
DA:3,1
DA:4,0
DA:6,1
DA:7,0
DA:9,1
DA:10,0
DA:12,1
DA:13,0
DA:15,1
DA:16,0
DA:18,1
DA:19,0
DA:21,1
DA:22,0
DA:24,1
DA:25,0
LF:18
LH:10
BRDA:12,1,0,1
BRDA:12,1,1,0
BRDA:12,2,0,1
BRDA:12,2,1,1
BRDA:12,3,0,0
BRDA:12,3,1,0
BRDA:12,4,0,0
BRDA:12,4,1,0
BRF:8
BRH:8
end_of_record
TN:
SF:/home/scc/work/passport_fe/static/src/vuex/mutation_types.js
FNF:0
FNH:0
DA:0,1
DA:1,1
DA:2,1
DA:3,1
DA:4,1
DA:5,1
DA:6,1
DA:7,1
DA:8,1
DA:9,1
LF:10
LH:10
BRF:0
BRH:0
end_of_record
TN:
SF:/home/scc/work/passport_fe/static/src/components/app_lxdj_gl.vue
FN:11,_interopRequireDefault
FN:14,data
FN:27,doneThing
FN:32,getTermList
FN:35,setTermList
FN:50,getClassList
FN:54,setClassList
FN:66,getStudentList
FN:70,setStudentList
FN:78,ready
FNF:10
FNH:1
FNDA:1,_interopRequireDefault
FNDA:0,data
FNDA:0,doneThing
FNDA:0,getTermList
FNDA:0,setTermList
FNDA:0,getClassList
FNDA:0,setClassList
FNDA:0,getStudentList
FNDA:0,setStudentList
FNDA:0,ready
DA:0,1
DA:62,1
DA:65,0
DA:77,0
DA:78,0
DA:81,0
DA:84,0
DA:87,0
DA:88,0
DA:89,0
DA:91,0
DA:93,0
DA:94,0
DA:95,0
DA:97,0
DA:98,0
DA:102,0
DA:103,0
DA:106,0
DA:107,0
DA:108,0
DA:109,0
DA:110,0
DA:111,0
DA:114,0
DA:118,0
DA:119,0
DA:122,0
DA:123,0
DA:124,0
DA:125,0
DA:130,0
LF:32
LH:2
BRDA:11,1,0,1
BRDA:11,1,1,0
BRDA:11,2,0,1
BRDA:11,2,1,1
BRDA:29,3,0,0
BRDA:29,3,1,0
BRDA:37,4,0,0
BRDA:37,4,1,0
BRDA:42,5,0,0
BRDA:42,5,1,0
BRDA:56,6,0,0
BRDA:56,6,1,0
BRDA:58,7,0,0
BRDA:58,7,1,0
BRDA:72,8,0,0
BRDA:72,8,1,0
BRF:16
BRH:4
end_of_record
TN:
SF:/home/scc/work/passport_fe/static/src/components/app_lxdj_tj.vue
FN:11,_interopRequireDefault
FN:14,data
FN:27,doneThing
FN:32,getLocationList
FN:37,setLocationList
FN:53,ready
FNF:6
FNH:1
FNDA:1,_interopRequireDefault
FNDA:0,data
FNDA:0,doneThing
FNDA:0,getLocationList
FNDA:0,setLocationList
FNDA:0,ready
DA:0,1
DA:59,1
DA:62,0
DA:74,0
DA:75,0
DA:78,0
DA:81,0
DA:82,0
DA:83,0
DA:86,0
DA:87,0
DA:88,0
DA:89,0
DA:90,0
DA:91,0
DA:92,0
DA:93,0
DA:94,0
DA:97,0
DA:102,0
LF:20
LH:2
BRDA:11,1,0,1
BRDA:11,1,1,0
BRDA:11,2,0,1
BRDA:11,2,1,1
BRDA:29,3,0,0
BRDA:29,3,1,0
BRDA:39,4,0,0
BRDA:39,4,1,0
BRF:8
BRH:4
end_of_record
TN:
SF:/home/scc/work/passport_fe/static/src/components/app_ncuhome.vue
FN:15,_interopRequireDefault
FN:18,data
FN:26,doneThing
FN:32,ready
FNF:4
FNH:1
FNDA:2,_interopRequireDefault
FNDA:0,data
FNDA:0,doneThing
FNDA:0,ready
DA:0,2
DA:287,1
DA:288,1
DA:291,0
DA:298,0
DA:299,0
DA:302,0
LF:7
LH:3
BRDA:15,1,0,1
BRDA:15,1,1,1
BRDA:15,2,0,2
BRDA:15,2,1,2
BRDA:28,3,0,0
BRDA:28,3,1,0
BRF:6
BRH:4
end_of_record
TN:
SF:/home/scc/work/passport_fe/static/src/components/components/bars/editor.vue
FN:11,_interopRequireDefault
FN:14,data
FN:21,doneThing
FN:26,editorInit
FN:51,popup
FN:60,(anonymous_6)
FN:61,(anonymous_7)
FN:79,popup
FN:91,(anonymous_9)
FN:92,(anonymous_10)
FN:111,popup
FN:122,(anonymous_12)
FN:123,(anonymous_13)
FN:212,onKeyDown
FN:213,(anonymous_15)
FN:213,(anonymous_16)
FN:213,(anonymous_17)
FN:215,submitText
FN:220,ready
FNF:19
FNH:1
FNDA:1,_interopRequireDefault
FNDA:0,data
FNDA:0,doneThing
FNDA:0,editorInit
FNDA:0,popup
FNDA:0,(anonymous_6)
FNDA:0,(anonymous_7)
FNDA:0,popup
FNDA:0,(anonymous_9)
FNDA:0,(anonymous_10)
FNDA:0,popup
FNDA:0,(anonymous_12)
FNDA:0,(anonymous_13)
FNDA:0,onKeyDown
FNDA:0,(anonymous_15)
FNDA:0,(anonymous_16)
FNDA:0,(anonymous_17)
FNDA:0,submitText
FNDA:0,ready
DA:0,1
DA:42,1
DA:45,0
DA:51,0
DA:52,0
DA:55,0
DA:59,0
DA:95,0
DA:103,0
DA:105,0
DA:106,0
DA:110,0
DA:112,0
DA:113,0
DA:114,0
DA:116,0
DA:118,0
DA:130,0
DA:131,0
DA:132,0
DA:134,0
DA:135,0
DA:137,0
DA:138,0
DA:139,0
DA:140,0
DA:142,0
DA:143,0
DA:146,0
DA:147,0
DA:152,0
DA:153,0
DA:154,0
DA:156,0
DA:158,0
DA:169,0
DA:179,0
DA:181,0
DA:182,0
DA:186,0
DA:188,0
DA:189,0
DA:190,0
DA:192,0
DA:194,0
DA:314,0
DA:315,0
DA:319,0
LF:48
LH:2
BRDA:11,1,0,1
BRDA:11,1,1,0
BRDA:11,2,0,1
BRDA:11,2,1,1
BRDA:23,3,0,0
BRDA:23,3,1,0
BRF:6
BRH:4
end_of_record
TN:
SF:/home/scc/work/passport_fe/static/src/components/app_photo.vue
FN:15,_interopRequireDefault
FN:18,data
FN:31,getImage
FN:52,updateImg
FN:73,afterUpload
FN:80,clickInput
FN:84,ready
FNF:7
FNH:1
FNDA:2,_interopRequireDefault
FNDA:0,data
FNDA:0,getImage
FNDA:0,updateImg
FNDA:0,afterUpload
FNDA:0,clickInput
FNDA:0,ready
DA:0,2
DA:63,1
DA:66,0
DA:81,0
DA:82,0
DA:83,0
DA:84,0
DA:85,0
DA:86,0
DA:87,0
DA:88,0
DA:89,0
DA:90,0
DA:98,0
DA:102,0
DA:103,0
DA:104,0
DA:108,0
DA:109,0
DA:110,0
DA:112,0
DA:114,0
DA:118,0
DA:119,0
DA:123,0
DA:124,0
DA:125,0
DA:129,0
DA:132,0
LF:29
LH:2
BRDA:15,1,0,2
BRDA:15,1,1,0
BRDA:15,2,0,2
BRDA:15,2,1,2
BRDA:35,3,0,0
BRDA:35,3,1,0
BRDA:39,4,0,0
BRDA:39,4,1,0
BRDA:53,5,0,0
BRDA:53,5,1,0
BRDA:60,6,0,0
BRDA:60,6,1,0
BRDA:75,7,0,0
BRDA:75,7,1,0
BRF:14
BRH:4
end_of_record
TN:
SF:/home/scc/work/passport_fe/static/src/components/app_rxjyks.vue
FN:15,_interopRequireDefault
FN:18,data
FN:37,doneThing
FN:44,clock
FN:49,(anonymous_5)
FN:62,getTextList
FN:65,setTextList
FN:83,getOneTxext
FN:90,setOneText
FN:102,finishOneLearn
FN:105,getAllQuestion
FN:111,setAllQuestion
FN:124,pushAnswer
FN:129,submitAnswer
FN:140,getScore
FN:144,setScore
FN:153,ready
FNF:17
FNH:1
FNDA:2,_interopRequireDefault
FNDA:0,data
FNDA:0,doneThing
FNDA:0,clock
FNDA:0,(anonymous_5)
FNDA:0,getTextList
FNDA:0,setTextList
FNDA:0,getOneTxext
FNDA:0,setOneText
FNDA:0,finishOneLearn
FNDA:0,getAllQuestion
FNDA:0,setAllQuestion
FNDA:0,pushAnswer
FNDA:0,submitAnswer
FNDA:0,getScore
FNDA:0,setScore
FNDA:0,ready
DA:0,2
DA:136,1
DA:139,0
DA:157,0
DA:158,0
DA:159,0
DA:160,0
DA:163,0
DA:164,0
DA:165,0
DA:166,0
DA:167,0
DA:168,0
DA:169,0
DA:170,0
DA:171,0
DA:172,0
DA:173,0
DA:174,0
DA:180,0
DA:183,0
DA:184,0
DA:185,0
DA:186,0
DA:187,0
DA:188,0
DA:189,0
DA:190,0
DA:191,0
DA:192,0
DA:197,0
DA:201,0
DA:202,0
DA:203,0
DA:204,0
DA:205,0
DA:208,0
DA:209,0
DA:210,0
DA:211,0
DA:212,0
DA:213,0
DA:216,0
DA:220,0
DA:223,0
DA:224,0
DA:225,0
DA:226,0
DA:229,0
DA:230,0
DA:231,0
DA:232,0
DA:233,0
DA:234,0
DA:235,0
DA:236,0
DA:238,0
DA:242,0
DA:243,0
DA:244,0
DA:247,0
DA:248,0
DA:249,0
DA:250,0
DA:254,0
DA:258,0
DA:259,0
DA:262,0
DA:263,0
DA:264,0
DA:266,0
DA:271,0
LF:72
LH:2
BRDA:15,1,0,2
BRDA:15,1,1,0
BRDA:15,2,0,2
BRDA:15,2,1,2
BRDA:40,3,0,0
BRDA:40,3,1,0
BRDA:51,4,0,0
BRDA:51,4,1,0
BRDA:53,5,0,0
BRDA:53,5,1,0
BRDA:56,6,0,0
BRDA:56,6,1,0
BRDA:67,7,0,0
BRDA:67,7,1,0
BRDA:73,8,0,0
BRDA:73,8,1,0
BRDA:92,9,0,0
BRDA:92,9,1,0
BRDA:95,10,0,0
BRDA:95,10,1,0
BRDA:113,11,0,0
BRDA:113,11,1,0
BRDA:132,12,0,0
BRDA:132,12,1,0
BRDA:146,13,0,0
BRDA:146,13,1,0
BRF:26
BRH:4
end_of_record
TN:
SF:/home/scc/work/passport_fe/static/src/components/app_xsbbt.vue
FN:11,_interopRequireDefault
FN:14,data
FN:25,doneThing
FN:32,getSelfMsg
FN:35,setSelfMsg
FN:46,applySpark
FN:50,ready
FNF:7
FNH:1
FNDA:1,_interopRequireDefault
FNDA:0,data
FNDA:0,doneThing
FNDA:0,getSelfMsg
FNDA:0,setSelfMsg
FNDA:0,applySpark
FNDA:0,ready
DA:0,1
DA:62,1
DA:65,0
DA:75,0
DA:76,0
DA:77,0
DA:79,0
DA:82,0
DA:85,0
DA:86,0
DA:87,0
DA:88,0
DA:89,0
DA:90,0
DA:92,0
DA:96,0
DA:100,0
LF:17
LH:2
BRDA:11,1,0,1
BRDA:11,1,1,0
BRDA:11,2,0,1
BRDA:11,2,1,1
BRDA:27,3,0,0
BRDA:27,3,1,0
BRDA:37,4,0,0
BRDA:37,4,1,0
BRF:8
BRH:4
end_of_record
TN:
SF:/home/scc/work/passport_fe/static/src/components/app_xsbbt_gl.vue
FN:11,_interopRequireDefault
FN:14,data
FN:27,doneThing
FN:34,toActivityCid
FN:37,getTermList
FN:40,setTermList
FN:55,getClassList
FN:59,setClassList
FN:71,getApplyList
FN:75,setApplyList
FN:82,changeApply
FN:91,ready
FNF:12
FNH:1
FNDA:1,_interopRequireDefault
FNDA:0,data
FNDA:0,doneThing
FNDA:0,toActivityCid
FNDA:0,getTermList
FNDA:0,setTermList
FNDA:0,getClassList
FNDA:0,setClassList
FNDA:0,getApplyList
FNDA:0,setApplyList
FNDA:0,changeApply
FNDA:0,ready
DA:0,1
DA:99,1
DA:102,0
DA:114,0
DA:115,0
DA:116,0
DA:118,0
DA:121,0
DA:124,0
DA:127,0
DA:128,0
DA:129,0
DA:131,0
DA:133,0
DA:134,0
DA:135,0
DA:137,0
DA:138,0
DA:142,0
DA:143,0
DA:146,0
DA:147,0
DA:148,0
DA:149,0
DA:150,0
DA:151,0
DA:154,0
DA:158,0
DA:159,0
DA:162,0
DA:163,0
DA:164,0
DA:165,0
DA:169,0
DA:170,0
DA:172,0
DA:174,0
DA:178,0
LF:38
LH:2
BRDA:11,1,0,1
BRDA:11,1,1,0
BRDA:11,2,0,1
BRDA:11,2,1,1
BRDA:29,3,0,0
BRDA:29,3,1,0
BRDA:42,4,0,0
BRDA:42,4,1,0
BRDA:47,5,0,0
BRDA:47,5,1,0
BRDA:61,6,0,0
BRDA:61,6,1,0
BRDA:63,7,0,0
BRDA:63,7,1,0
BRDA:77,8,0,0
BRDA:77,8,1,0
BRDA:83,9,0,0
BRDA:83,9,1,0
BRF:18
BRH:4
end_of_record
TN:
SF:/home/scc/work/passport_fe/static/src/components/app_xsbbt_tj.vue
FN:11,_interopRequireDefault
FN:14,data
FN:28,getApplyList
FN:33,setApplyList
FN:52,ready
FNF:5
FNH:1
FNDA:1,_interopRequireDefault
FNDA:0,data
FNDA:0,getApplyList
FNDA:0,setApplyList
FNDA:0,ready
DA:0,1
DA:54,1
DA:57,0
DA:99,0
DA:100,0
DA:101,0
DA:104,0
DA:105,0
DA:106,0
DA:107,0
DA:108,0
DA:109,0
DA:110,0
DA:111,0
DA:112,0
DA:113,0
DA:114,0
DA:115,0
DA:118,0
DA:123,0
LF:20
LH:2
BRDA:11,1,0,1
BRDA:11,1,1,0
BRDA:11,2,0,1
BRDA:11,2,1,1
BRDA:35,3,0,0
BRDA:35,3,1,0
BRF:6
BRH:4
end_of_record
TN:
SF:/home/scc/work/passport_fe/static/src/components/app_xszbh.vue
FN:15,_interopRequireDefault
FN:18,data
FN:30,doneThing
FN:37,getSelfStatus
FN:40,setSelfStatus
FN:52,getSelfMsg
FN:56,setSelfMsg
FN:63,submitApply
FN:71,ready
FNF:9
FNH:1
FNDA:2,_interopRequireDefault
FNDA:0,data
FNDA:0,doneThing
FNDA:0,getSelfStatus
FNDA:0,setSelfStatus
FNDA:0,getSelfMsg
FNDA:0,setSelfMsg
FNDA:0,submitApply
FNDA:0,ready
DA:0,2
DA:141,1
DA:144,0
DA:155,0
DA:156,0
DA:157,0
DA:159,0
DA:162,0
DA:165,0
DA:166,0
DA:167,0
DA:168,0
DA:169,0
DA:171,0
DA:173,0
DA:177,0
DA:178,0
DA:181,0
DA:182,0
DA:183,0
DA:184,0
DA:188,0
DA:191,0
DA:192,0
DA:196,0
LF:25
LH:2
BRDA:15,1,0,2
BRDA:15,1,1,0
BRDA:15,2,0,2
BRDA:15,2,1,2
BRDA:32,3,0,0
BRDA:32,3,1,0
BRDA:42,4,0,0
BRDA:42,4,1,0
BRDA:43,5,0,0
BRDA:43,5,1,0
BRDA:43,6,0,0
BRDA:43,6,1,0
BRDA:58,7,0,0
BRDA:58,7,1,0
BRF:14
BRH:4
end_of_record
TN:
SF:/home/scc/work/passport_fe/static/src/components/app_xszgl.vue
FN:15,_interopRequireDefault
FN:18,data
FN:37,doneThing
FN:44,getTermList
FN:47,setTermList
FN:57,getPageList
FN:60,setPage
FN:69,getStatusList
FN:72,setStatusList
FN:78,getApplyList
FN:88,setApplyList
FN:97,getedStudentMsg
FN:102,setStudentMsg
FN:111,changeActivityId
FN:114,manage
FN:121,ready
FNF:16
FNH:1
FNDA:2,_interopRequireDefault
FNDA:0,data
FNDA:0,doneThing
FNDA:0,getTermList
FNDA:0,setTermList
FNDA:0,getPageList
FNDA:0,setPage
FNDA:0,getStatusList
FNDA:0,setStatusList
FNDA:0,getApplyList
FNDA:0,setApplyList
FNDA:0,getedStudentMsg
FNDA:0,setStudentMsg
FNDA:0,changeActivityId
FNDA:0,manage
FNDA:0,ready
DA:0,2
DA:194,1
DA:197,0
DA:215,0
DA:216,0
DA:217,0
DA:219,0
DA:222,0
DA:225,0
DA:226,0
DA:227,0
DA:228,0
DA:229,0
DA:231,0
DA:235,0
DA:238,0
DA:239,0
DA:240,0
DA:241,0
DA:243,0
DA:247,0
DA:250,0
DA:251,0
DA:252,0
DA:256,0
DA:257,0
DA:258,0
DA:259,0
DA:261,0
DA:262,0
DA:263,0
DA:266,0
DA:267,0
DA:268,0
DA:269,0
DA:271,0
DA:275,0
DA:276,0
DA:277,0
DA:280,0
DA:281,0
DA:282,0
DA:283,0
DA:285,0
DA:289,0
DA:292,0
DA:295,0
DA:299,0
LF:48
LH:2
BRDA:15,1,0,2
BRDA:15,1,1,0
BRDA:15,2,0,2
BRDA:15,2,1,2
BRDA:39,3,0,0
BRDA:39,3,1,0
BRDA:49,4,0,0
BRDA:49,4,1,0
BRDA:62,5,0,0
BRDA:62,5,1,0
BRDA:74,6,0,0
BRDA:74,6,1,0
BRDA:79,7,0,0
BRDA:79,7,1,0
BRDA:81,8,0,0
BRDA:81,8,1,0
BRDA:90,9,0,0
BRDA:90,9,1,0
BRDA:104,10,0,0
BRDA:104,10,1,0
BRF:20
BRH:4
end_of_record
TN:
SF:/home/scc/work/passport_fe/static/src/components/app_xxcx_bjtxl.vue
FN:11,_interopRequireDefault
FN:14,data
FN:23,getStudentContacts
FN:26,useStudentContacts
FN:35,ready
FNF:5
FNH:1
FNDA:1,_interopRequireDefault
FNDA:0,data
FNDA:0,getStudentContacts
FNDA:0,useStudentContacts
FNDA:0,ready
DA:0,1
DA:42,1
DA:45,0
DA:53,0
DA:56,0
DA:57,0
DA:58,0
DA:60,0
DA:65,0
LF:9
LH:2
BRDA:11,1,0,1
BRDA:11,1,1,0
BRDA:11,2,0,1
BRDA:11,2,1,1
BRDA:27,3,0,0
BRDA:27,3,1,0
BRF:6
BRH:4
end_of_record
TN:
SF:/home/scc/work/passport_fe/static/src/components/app_xxcx_bolt.vue
FN:11,_interopRequireDefault
FN:14,data
FN:22,doneThing
FN:27,getElecMsg
FN:30,useElecMsg
FN:39,ready
FNF:6
FNH:1
FNDA:1,_interopRequireDefault
FNDA:0,data
FNDA:0,doneThing
FNDA:0,getElecMsg
FNDA:0,useElecMsg
FNDA:0,ready
DA:0,1
DA:56,1
DA:59,0
DA:66,0
DA:67,0
DA:70,0
DA:73,0
DA:76,0
DA:77,0
DA:78,0
DA:79,0
DA:80,0
DA:85,0
LF:13
LH:2
BRDA:11,1,0,1
BRDA:11,1,1,0
BRDA:11,2,0,1
BRDA:11,2,1,1
BRDA:24,3,0,0
BRDA:24,3,1,0
BRDA:32,4,0,0
BRDA:32,4,1,0
BRF:8
BRH:4
end_of_record
TN:
SF:/home/scc/work/passport_fe/static/src/components/app_xxcx_cjcx.vue
FN:11,_interopRequireDefault
FN:14,data
FN:25,doneThing
FN:30,getScoresList
FN:34,setScoresList
FN:76,getClassList
FN:88,ready
FNF:7
FNH:1
FNDA:1,_interopRequireDefault
FNDA:0,data
FNDA:0,doneThing
FNDA:0,getScoresList
FNDA:0,setScoresList
FNDA:0,getClassList
FNDA:0,ready
DA:0,1
DA:49,1
DA:52,0
DA:62,0
DA:63,0
DA:66,0
DA:69,0
DA:70,0
DA:73,0
DA:74,0
DA:75,0
DA:76,0
DA:77,0
DA:78,0
DA:79,0
DA:80,0
DA:81,0
DA:82,0
DA:83,0
DA:84,0
DA:85,0
DA:89,0
DA:90,0
DA:91,0
DA:92,0
DA:93,0
DA:94,0
DA:95,0
DA:96,0
DA:97,0
DA:101,0
DA:102,0
DA:103,0
DA:104,0
DA:105,0
DA:106,0
DA:107,0
DA:108,0
DA:110,0
DA:114,0
DA:115,0
DA:116,0
DA:117,0
DA:118,0
DA:119,0
DA:121,0
DA:126,0
LF:47
LH:2
BRDA:11,1,0,1
BRDA:11,1,1,0
BRDA:11,2,0,1
BRDA:11,2,1,1
BRDA:27,3,0,0
BRDA:27,3,1,0
BRDA:36,4,0,0
BRDA:36,4,1,0
BRDA:41,5,0,0
BRDA:41,5,1,0
BRDA:54,6,0,0
BRDA:54,6,1,0
BRDA:80,7,0,0
BRDA:80,7,1,0
BRF:14
BRH:4
end_of_record
TN:
SF:/home/scc/work/passport_fe/static/src/components/app_zzbd.vue
FN:15,_interopRequireDefault
FN:18,data
FN:65,doneThing
FN:70,doOther
FN:75,getDate
FN:89,getIsfinish
FN:92,setIsfinish
FN:97,addKtyy
FN:104,delKtyy
FN:111,delKtyysuc
FN:115,getkddm
FN:118,getXykd
FN:126,setXykd
FN:134,addXykd
FN:140,getXykd_info
FN:149,setXykd_info
FN:152,delXykd
FN:159,changeXykd
FN:168,getJzdjdm
FN:171,setJzdjdm
FN:179,addJzdj
FN:197,getJzdj
FN:206,getJzdjxg
FN:217,setJzdj
FN:224,editJzdj
FN:242,getXjxx
FN:245,setXjxx
FN:254,getXhsz
FN:257,setXhsz
FN:266,getBxzc
FN:270,getSjzf
FN:274,addKxlb
FN:281,getQrcode
FN:284,setQrcode
FN:294,ready
FNF:35
FNH:1
FNDA:2,_interopRequireDefault
FNDA:0,data
FNDA:0,doneThing
FNDA:0,doOther
FNDA:0,getDate
FNDA:0,getIsfinish
FNDA:0,setIsfinish
FNDA:0,addKtyy
FNDA:0,delKtyy
FNDA:0,delKtyysuc
FNDA:0,getkddm
FNDA:0,getXykd
FNDA:0,setXykd
FNDA:0,addXykd
FNDA:0,getXykd_info
FNDA:0,setXykd_info
FNDA:0,delXykd
FNDA:0,changeXykd
FNDA:0,getJzdjdm
FNDA:0,setJzdjdm
FNDA:0,addJzdj
FNDA:0,getJzdj
FNDA:0,getJzdjxg
FNDA:0,setJzdj
FNDA:0,editJzdj
FNDA:0,getXjxx
FNDA:0,setXjxx
FNDA:0,getXhsz
FNDA:0,setXhsz
FNDA:0,getBxzc
FNDA:0,getSjzf
FNDA:0,addKxlb
FNDA:0,getQrcode
FNDA:0,setQrcode
FNDA:0,ready
DA:0,2
DA:472,1
DA:475,0
DA:522,0
DA:523,0
DA:524,0
DA:527,0
DA:528,0
DA:532,0
DA:533,0
DA:534,0
DA:535,0
DA:536,0
DA:538,0
DA:539,0
DA:541,0
DA:543,0
DA:546,0
DA:549,0
DA:550,0
DA:551,0
DA:554,0
DA:555,0
DA:557,0
DA:561,0
DA:562,0
DA:564,0
DA:568,0
DA:569,0
DA:572,0
DA:576,0
DA:577,0
DA:579,0
DA:580,0
DA:584,0
DA:585,0
DA:586,0
DA:588,0
DA:592,0
DA:593,0
DA:594,0
DA:595,0
DA:599,0
DA:600,0
DA:601,0
DA:602,0
DA:604,0
DA:608,0
DA:611,0
DA:612,0
DA:614,0
DA:618,0
DA:619,0
DA:620,0
DA:621,0
DA:623,0
DA:627,0
DA:630,0
DA:631,0
DA:632,0
DA:634,0
DA:638,0
DA:639,0
DA:640,0
DA:641,0
DA:642,0
DA:643,0
DA:645,0
DA:650,0
DA:651,0
DA:652,0
DA:656,0
DA:657,0
DA:658,0
DA:660,0
DA:661,0
DA:665,0
DA:666,0
DA:667,0
DA:669,0
DA:670,0
DA:672,0
DA:676,0
DA:677,0
DA:679,0
DA:683,0
DA:684,0
DA:685,0
DA:686,0
DA:687,0
DA:688,0
DA:690,0
DA:695,0
DA:696,0
DA:697,0
DA:701,0
DA:704,0
DA:705,0
DA:706,0
DA:707,0
DA:709,0
DA:713,0
DA:716,0
DA:717,0
DA:718,0
DA:719,0
DA:721,0
DA:725,0
DA:726,0
DA:729,0
DA:730,0
DA:733,0
DA:734,0
DA:736,0
DA:740,0
DA:744,0
DA:745,0
DA:746,0
DA:747,0
DA:749,0
DA:754,0
DA:755,0
DA:756,0
LF:123
LH:2
BRDA:15,1,0,2
BRDA:15,1,1,0
BRDA:15,2,0,2
BRDA:15,2,1,2
BRDA:71,3,0,0
BRDA:71,3,1,0
BRDA:79,4,0,0
BRDA:79,4,1,0
BRDA:82,5,0,0
BRDA:82,5,1,0
BRDA:98,6,0,0
BRDA:98,6,1,0
BRDA:105,7,0,0
BRDA:105,7,1,0
BRDA:119,8,0,0
BRDA:119,8,1,0
BRDA:127,9,0,0
BRDA:127,9,1,0
BRDA:141,10,0,0
BRDA:141,10,1,0
BRDA:153,11,0,0
BRDA:153,11,1,0
BRDA:160,12,0,0
BRDA:160,12,1,0
BRDA:173,13,0,0
BRDA:173,13,1,0
BRDA:180,14,0,0
BRDA:180,14,1,0
BRDA:182,15,0,0
BRDA:182,15,1,0
BRDA:184,16,0,0
BRDA:184,16,1,0
BRDA:198,17,0,0
BRDA:198,17,1,0
BRDA:208,18,0,0
BRDA:208,18,1,0
BRDA:218,19,0,0
BRDA:218,19,1,0
BRDA:225,20,0,0
BRDA:225,20,1,0
BRDA:227,21,0,0
BRDA:227,21,1,0
BRDA:229,22,0,0
BRDA:229,22,1,0
BRDA:247,23,0,0
BRDA:247,23,1,0
BRDA:259,24,0,0
BRDA:259,24,1,0
BRDA:275,25,0,0
BRDA:275,25,1,0
BRDA:286,26,0,0
BRDA:286,26,1,0
BRF:52
BRH:4
end_of_record
TN:
SF:/home/scc/work/passport_fe/static/src/components/applyManage.vue
FN:15,_interopRequireDefault
FN:18,data
FN:39,doneThing
FN:46,toActivityId
FN:50,getCollegeList
FN:59,setCollegeList
FN:72,getClassList
FN:83,setClassList
FN:93,getApplyList
FN:96,setApplyList
FN:104,getOneApply
FN:108,setOneApply
FN:116,deleteApply
FN:119,editApply
FN:124,ready
FNF:15
FNH:1
FNDA:2,_interopRequireDefault
FNDA:0,data
FNDA:0,doneThing
FNDA:0,toActivityId
FNDA:0,getCollegeList
FNDA:0,setCollegeList
FNDA:0,getClassList
FNDA:0,setClassList
FNDA:0,getApplyList
FNDA:0,setApplyList
FNDA:0,getOneApply
FNDA:0,setOneApply
FNDA:0,deleteApply
FNDA:0,editApply
FNDA:0,ready
DA:0,2
DA:179,1
DA:182,0
DA:202,0
DA:203,0
DA:204,0
DA:206,0
DA:209,0
DA:210,0
DA:213,0
DA:214,0
DA:218,0
DA:219,0
DA:222,0
DA:223,0
DA:224,0
DA:225,0
DA:226,0
DA:227,0
DA:228,0
DA:229,0
DA:231,0
DA:235,0
DA:236,0
DA:241,0
DA:242,0
DA:246,0
DA:247,0
DA:248,0
DA:249,0
DA:250,0
DA:252,0
DA:256,0
DA:259,0
DA:260,0
DA:261,0
DA:263,0
DA:267,0
DA:268,0
DA:271,0
DA:272,0
DA:273,0
DA:275,0
DA:279,0
DA:282,0
DA:283,0
DA:287,0
LF:47
LH:2
BRDA:15,1,0,2
BRDA:15,1,1,0
BRDA:15,2,0,2
BRDA:15,2,1,2
BRDA:41,3,0,0
BRDA:41,3,1,0
BRDA:61,4,0,0
BRDA:61,4,1,0
BRDA:73,5,0,0
BRDA:73,5,1,0
BRDA:85,6,0,0
BRDA:85,6,1,0
BRDA:98,7,0,0
BRDA:98,7,1,0
BRDA:110,8,0,0
BRDA:110,8,1,0
BRF:16
BRH:4
end_of_record
TN:
SF:/home/scc/work/passport_fe/static/src/components/assessApply.vue
FN:15,_interopRequireDefault
FN:18,data
FN:35,doneThing
FN:42,toActivityId
FN:46,getApplyList
FN:49,setApplyList
FN:57,addApply
FN:83,getOneApply
FN:87,setOneApply
FN:95,deleteOneApply
FN:99,ready
FNF:11
FNH:1
FNDA:2,_interopRequireDefault
FNDA:0,data
FNDA:0,doneThing
FNDA:0,toActivityId
FNDA:0,getApplyList
FNDA:0,setApplyList
FNDA:0,addApply
FNDA:0,getOneApply
FNDA:0,setOneApply
FNDA:0,deleteOneApply
FNDA:0,ready
DA:0,2
DA:199,1
DA:202,0
DA:218,0
DA:219,0
DA:220,0
DA:222,0
DA:225,0
DA:226,0
DA:229,0
DA:232,0
DA:233,0
DA:234,0
DA:236,0
DA:240,0
DA:241,0
DA:242,0
DA:243,0
DA:244,0
DA:245,0
DA:246,0
DA:247,0
DA:248,0
DA:249,0
DA:251,0
DA:252,0
DA:254,0
DA:256,0
DA:257,0
DA:259,0
DA:261,0
DA:262,0
DA:266,0
DA:267,0
DA:270,0
DA:271,0
DA:272,0
DA:274,0
DA:278,0
DA:282,0
LF:40
LH:2
BRDA:15,1,0,2
BRDA:15,1,1,0
BRDA:15,2,0,2
BRDA:15,2,1,2
BRDA:37,3,0,0
BRDA:37,3,1,0
BRDA:51,4,0,0
BRDA:51,4,1,0
BRDA:58,5,0,0
BRDA:58,5,1,0
BRDA:60,6,0,0
BRDA:60,6,1,0
BRDA:62,7,0,0
BRDA:62,7,1,0
BRDA:64,8,0,0
BRDA:64,8,1,0
BRDA:66,9,0,0
BRDA:66,9,1,0
BRDA:66,10,0,0
BRDA:66,10,1,0
BRDA:69,11,0,0
BRDA:69,11,1,0
BRDA:74,12,0,0
BRDA:74,12,1,0
BRDA:89,13,0,0
BRDA:89,13,1,0
BRF:26
BRH:4
end_of_record
TN:
SF:/home/scc/work/passport_fe/static/src/components/classManage.vue
FN:15,_interopRequireDefault
FN:18,data
FN:57,doneThing
FN:66,activityOneMajor
FN:70,getCollegeList
FN:73,setCollegeList
FN:83,getMajorList
FN:93,setMajorList
FN:103,getClassList
FN:111,setClassList
FN:125,toActivityClass
FN:129,addClass
FN:134,getOneClass
FN:138,setOneClassMsg
FN:146,editClass
FN:150,deleteClass
FN:154,ready
FNF:17
FNH:1
FNDA:2,_interopRequireDefault
FNDA:0,data
FNDA:0,doneThing
FNDA:0,activityOneMajor
FNDA:0,getCollegeList
FNDA:0,setCollegeList
FNDA:0,getMajorList
FNDA:0,setMajorList
FNDA:0,getClassList
FNDA:0,setClassList
FNDA:0,toActivityClass
FNDA:0,addClass
FNDA:0,getOneClass
FNDA:0,setOneClassMsg
FNDA:0,editClass
FNDA:0,deleteClass
FNDA:0,ready
DA:0,2
DA:248,1
DA:251,0
DA:289,0
DA:290,0
DA:291,0
DA:292,0
DA:294,0
DA:298,0
DA:299,0
DA:302,0
DA:305,0
DA:306,0
DA:307,0
DA:308,0
DA:309,0
DA:311,0
DA:315,0
DA:316,0
DA:318,0
DA:321,0
DA:322,0
DA:325,0
DA:326,0
DA:327,0
DA:328,0
DA:329,0
DA:331,0
DA:335,0
DA:339,0
DA:340,0
DA:343,0
DA:344,0
DA:345,0
DA:346,0
DA:347,0
DA:348,0
DA:349,0
DA:353,0
DA:357,0
DA:358,0
DA:361,0
DA:362,0
DA:363,0
DA:366,0
DA:367,0
DA:370,0
DA:371,0
DA:372,0
DA:374,0
DA:378,0
DA:379,0
DA:382,0
DA:386,0
LF:54
LH:2
BRDA:15,1,0,2
BRDA:15,1,1,0
BRDA:15,2,0,2
BRDA:15,2,1,2
BRDA:59,3,0,0
BRDA:59,3,1,0
BRDA:75,4,0,0
BRDA:75,4,1,0
BRDA:84,5,0,0
BRDA:84,5,1,0
BRDA:95,6,0,0
BRDA:95,6,1,0
BRDA:113,7,0,0
BRDA:113,7,1,0
BRDA:116,8,0,0
BRDA:116,8,1,0
BRDA:140,9,0,0
BRDA:140,9,1,0
BRF:18
BRH:4
end_of_record
TN:
SF:/home/scc/work/passport_fe/static/src/components/classStudentManage.vue
FN:25,_interopRequireDefault
FN:28,data
FN:59,doneThing
FN:66,toActivityStudent
FN:70,getQuery
FN:75,getStudentList
FN:78,setStudentList
FN:86,addStudent
FN:93,deleteStudent
FN:96,getStudentMsg
FN:103,setStudentMsgBasic
FN:112,setStudentMsgRoll
FN:120,setStudentMsgFamily
FN:135,ready
FNF:14
FNH:1
FNDA:4,_interopRequireDefault
FNDA:0,data
FNDA:0,doneThing
FNDA:0,toActivityStudent
FNDA:0,getQuery
FNDA:0,getStudentList
FNDA:0,setStudentList
FNDA:0,addStudent
FNDA:0,deleteStudent
FNDA:0,getStudentMsg
FNDA:0,setStudentMsgBasic
FNDA:0,setStudentMsgRoll
FNDA:0,setStudentMsgFamily
FNDA:0,ready
DA:0,4
DA:97,1
DA:98,1
DA:99,1
DA:100,1
DA:103,0
DA:133,0
DA:134,0
DA:135,0
DA:137,0
DA:140,0
DA:141,0
DA:144,0
DA:145,0
DA:146,0
DA:149,0
DA:152,0
DA:153,0
DA:154,0
DA:156,0
DA:160,0
DA:163,0
DA:164,0
DA:167,0
DA:170,0
DA:171,0
DA:172,0
DA:173,0
DA:174,0
DA:177,0
DA:178,0
DA:179,0
DA:180,0
DA:182,0
DA:186,0
DA:187,0
DA:188,0
DA:190,0
DA:194,0
DA:195,0
DA:196,0
DA:197,0
DA:199,0
DA:209,0
LF:44
LH:5
BRDA:25,1,0,2
BRDA:25,1,1,2
BRDA:25,2,0,4
BRDA:25,2,1,4
BRDA:61,3,0,0
BRDA:61,3,1,0
BRDA:80,4,0,0
BRDA:80,4,1,0
BRDA:105,5,0,0
BRDA:105,5,1,0
BRDA:114,6,0,0
BRDA:114,6,1,0
BRDA:122,7,0,0
BRDA:122,7,1,0
BRF:14
BRH:4
end_of_record
TN:
SF:/home/scc/work/passport_fe/static/src/components/components/bars/jgBar.vue
FN:15,_interopRequireDefault
FN:18,data
FN:37,getFirCode
FN:45,getSecCode
FN:53,getThrCode
FN:61,setFirCode
FN:71,setSecCode
FN:86,setThrCode
FN:102,jgCode
FN:111,jgCode
FN:117,ready
FNF:11
FNH:1
FNDA:2,_interopRequireDefault
FNDA:0,data
FNDA:0,getFirCode
FNDA:0,getSecCode
FNDA:0,getThrCode
FNDA:0,setFirCode
FNDA:0,setSecCode
FNDA:0,setThrCode
FNDA:0,jgCode
FNDA:0,jgCode
FNDA:0,ready
DA:0,2
DA:28,1
DA:31,0
DA:49,0
DA:53,0
DA:54,0
DA:57,0
DA:61,0
DA:62,0
DA:65,0
DA:69,0
DA:70,0
DA:74,0
DA:75,0
DA:76,0
DA:77,0
DA:78,0
DA:80,0
DA:85,0
DA:86,0
DA:87,0
DA:88,0
DA:89,0
DA:91,0
DA:93,0
DA:94,0
DA:96,0
DA:101,0
DA:102,0
DA:103,0
DA:104,0
DA:105,0
DA:107,0
DA:110,0
DA:112,0
DA:117,0
DA:118,0
DA:119,0
DA:120,0
DA:125,0
LF:40
LH:2
BRDA:15,1,0,2
BRDA:15,1,1,0
BRDA:15,2,0,2
BRDA:15,2,1,2
BRDA:62,3,0,0
BRDA:62,3,1,0
BRDA:72,4,0,0
BRDA:72,4,1,0
BRDA:75,5,0,0
BRDA:75,5,1,0
BRDA:87,6,0,0
BRDA:87,6,1,0
BRDA:90,7,0,0
BRDA:90,7,1,0
BRF:14
BRH:4
end_of_record
TN:
SF:/home/scc/work/passport_fe/static/src/components/components/studentMsg.vue
FN:29,_interopRequireDefault
FN:32,data
FN:78,doneThing
FN:85,getStudentMsg
FN:94,setStudentMsgBasic
FN:106,setStudentMsgRoll
FN:115,setStudentMsgFamily
FN:126,setStudentMsgAddress
FN:142,setStudentMsgFamilyGx
FN:148,editBasic
FN:156,deleteFamilyMember
FN:164,addOneMember
FN:168,editFamily
FN:175,editBasicBase
FN:189,studentNumber
FN:195,studentNumber
FN:199,jgCodeVuex
FN:203,familyCodeVuex
FN:207,jtdqCodeVuex
FN:219,ready
FNF:20
FNH:1
FNDA:5,_interopRequireDefault
FNDA:0,data
FNDA:0,doneThing
FNDA:0,getStudentMsg
FNDA:0,setStudentMsgBasic
FNDA:0,setStudentMsgRoll
FNDA:0,setStudentMsgFamily
FNDA:0,setStudentMsgAddress
FNDA:0,setStudentMsgFamilyGx
FNDA:0,editBasic
FNDA:0,deleteFamilyMember
FNDA:0,addOneMember
FNDA:0,editFamily
FNDA:0,editBasicBase
FNDA:0,studentNumber
FNDA:0,studentNumber
FNDA:0,jgCodeVuex
FNDA:0,familyCodeVuex
FNDA:0,jtdqCodeVuex
FNDA:0,ready
DA:0,5
DA:302,1
DA:303,1
DA:304,1
DA:305,1
DA:306,1
DA:310,0
DA:356,0
DA:357,0
DA:358,0
DA:360,0
DA:363,0
DA:364,0
DA:365,0
DA:366,0
DA:367,0
DA:368,0
DA:369,0
DA:372,0
DA:373,0
DA:374,0
DA:375,0
DA:376,0
DA:377,0
DA:378,0
DA:380,0
DA:384,0
DA:385,0
DA:386,0
DA:387,0
DA:389,0
DA:393,0
DA:394,0
DA:395,0
DA:396,0
DA:398,0
DA:400,0
DA:404,0
DA:405,0
DA:406,0
DA:408,0
DA:409,0
DA:411,0
DA:413,0
DA:414,0
DA:416,0
DA:420,0
DA:421,0
DA:425,0
DA:429,0
DA:430,0
DA:432,0
DA:433,0
DA:434,0
DA:437,0
DA:438,0
DA:439,0
DA:440,0
DA:441,0
DA:445,0
DA:446,0
DA:449,0
DA:450,0
DA:451,0
DA:452,0
DA:453,0
DA:456,0
DA:457,0
DA:458,0
DA:459,0
DA:461,0
DA:464,0
DA:470,0
DA:475,0
DA:476,0
DA:477,0
DA:478,0
LF:77
LH:6
BRDA:29,1,0,2
BRDA:29,1,1,3
BRDA:29,2,0,5
BRDA:29,2,1,5
BRDA:80,3,0,0
BRDA:80,3,1,0
BRDA:96,4,0,0
BRDA:96,4,1,0
BRDA:108,5,0,0
BRDA:108,5,1,0
BRDA:117,6,0,0
BRDA:117,6,1,0
BRDA:128,7,0,0
BRDA:128,7,1,0
BRDA:131,8,0,0
BRDA:131,8,1,0
BRDA:144,9,0,0
BRDA:144,9,1,0
BRDA:160,10,0,0
BRDA:160,10,1,0
BRDA:176,11,0,0
BRDA:176,11,1,0
BRDA:176,12,0,0
BRDA:176,12,1,0
BRDA:177,13,0,0
BRDA:177,13,1,0
BRDA:177,14,0,0
BRDA:177,14,1,0
BRF:28
BRH:4
end_of_record
TN:
SF:/home/scc/work/passport_fe/static/src/components/components/bars/jtdqBar.vue
FN:15,_interopRequireDefault
FN:18,data
FN:37,getFirCode
FN:45,getSecCode
FN:53,getThrCode
FN:61,setFirCode
FN:71,setSecCode
FN:86,setThrCode
FN:102,jtdqCode
FN:111,jtdqCode
FN:117,ready
FNF:11
FNH:1
FNDA:2,_interopRequireDefault
FNDA:0,data
FNDA:0,getFirCode
FNDA:0,getSecCode
FNDA:0,getThrCode
FNDA:0,setFirCode
FNDA:0,setSecCode
FNDA:0,setThrCode
FNDA:0,jtdqCode
FNDA:0,jtdqCode
FNDA:0,ready
DA:0,2
DA:28,1
DA:31,0
DA:49,0
DA:53,0
DA:54,0
DA:57,0
DA:61,0
DA:62,0
DA:65,0
DA:69,0
DA:70,0
DA:74,0
DA:75,0
DA:76,0
DA:77,0
DA:78,0
DA:80,0
DA:85,0
DA:86,0
DA:87,0
DA:88,0
DA:89,0
DA:91,0
DA:93,0
DA:94,0
DA:96,0
DA:101,0
DA:102,0
DA:103,0
DA:104,0
DA:105,0
DA:107,0
DA:110,0
DA:112,0
DA:117,0
DA:118,0
DA:119,0
DA:120,0
DA:125,0
LF:40
LH:2
BRDA:15,1,0,2
BRDA:15,1,1,0
BRDA:15,2,0,2
BRDA:15,2,1,2
BRDA:62,3,0,0
BRDA:62,3,1,0
BRDA:72,4,0,0
BRDA:72,4,1,0
BRDA:75,5,0,0
BRDA:75,5,1,0
BRDA:87,6,0,0
BRDA:87,6,1,0
BRDA:90,7,0,0
BRDA:90,7,1,0
BRF:14
BRH:4
end_of_record
TN:
SF:/home/scc/work/passport_fe/static/src/components/components/bars/familyBar.vue
FN:15,_interopRequireDefault
FN:18,data
FN:34,getFirCode
FN:42,getSecCode
FN:50,setFirCode
FN:60,setSecCode
FN:76,familyCode
FN:85,familyCode
FN:91,ready
FNF:9
FNH:1
FNDA:2,_interopRequireDefault
FNDA:0,data
FNDA:0,getFirCode
FNDA:0,getSecCode
FNDA:0,setFirCode
FNDA:0,setSecCode
FNDA:0,familyCode
FNDA:0,familyCode
FNDA:0,ready
DA:0,2
DA:23,1
DA:26,0
DA:41,0
DA:45,0
DA:46,0
DA:49,0
DA:53,0
DA:54,0
DA:58,0
DA:59,0
DA:60,0
DA:61,0
DA:62,0
DA:64,0
DA:69,0
DA:70,0
DA:71,0
DA:72,0
DA:73,0
DA:75,0
DA:78,0
DA:80,0
DA:85,0
DA:86,0
DA:87,0
DA:88,0
DA:93,0
LF:28
LH:2
BRDA:15,1,0,2
BRDA:15,1,1,0
BRDA:15,2,0,2
BRDA:15,2,1,2
BRDA:51,3,0,0
BRDA:51,3,1,0
BRDA:61,4,0,0
BRDA:61,4,1,0
BRDA:64,5,0,0
BRDA:64,5,1,0
BRF:10
BRH:4
end_of_record
TN:
SF:/home/scc/work/passport_fe/static/src/components/components/bars/imageCropper.vue
FN:15,_interopRequireDefault
FN:18,data
FN:29,doneThing
FN:34,getImage
FN:53,updateImg
FN:72,afterUpload
FN:81,clickInput
FN:87,studentNumber
FN:93,ready
FNF:9
FNH:1
FNDA:2,_interopRequireDefault
FNDA:0,data
FNDA:0,doneThing
FNDA:0,getImage
FNDA:0,updateImg
FNDA:0,afterUpload
FNDA:0,clickInput
FNDA:0,studentNumber
FNDA:0,ready
DA:0,2
DA:60,1
DA:63,0
DA:73,0
DA:74,0
DA:77,0
DA:83,0
DA:84,0
DA:85,0
DA:86,0
DA:87,0
DA:88,0
DA:89,0
DA:90,0
DA:91,0
DA:106,0
DA:110,0
DA:111,0
DA:112,0
DA:114,0
DA:116,0
DA:120,0
DA:121,0
DA:122,0
DA:125,0
DA:126,0
DA:127,0
DA:128,0
DA:130,0
DA:134,0
DA:139,0
LF:31
LH:2
BRDA:15,1,0,2
BRDA:15,1,1,0
BRDA:15,2,0,2
BRDA:15,2,1,2
BRDA:31,3,0,0
BRDA:31,3,1,0
BRDA:40,4,0,0
BRDA:40,4,1,0
BRDA:59,5,0,0
BRDA:59,5,1,0
BRDA:74,6,0,0
BRDA:74,6,1,0
BRF:12
BRH:4
end_of_record
TN:
SF:/home/scc/work/passport_fe/static/src/components/components/bars/zcjbBar.vue
FN:15,_interopRequireDefault
FN:18,data
FN:34,getFirCode
FN:42,setFirCode
FN:52,getSecCode
FN:60,setSecCode
FN:78,zcjbCode
FN:98,zcjbCode
FN:104,ready
FNF:9
FNH:1
FNDA:2,_interopRequireDefault
FNDA:0,data
FNDA:0,getFirCode
FNDA:0,setFirCode
FNDA:0,getSecCode
FNDA:0,setSecCode
FNDA:0,zcjbCode
FNDA:0,zcjbCode
FNDA:0,ready
DA:0,2
DA:17,1
DA:20,0
DA:35,0
DA:39,0
DA:40,0
DA:43,0
DA:44,0
DA:45,0
DA:46,0
DA:47,0
DA:49,0
DA:53,0
DA:57,0
DA:58,0
DA:61,0
DA:62,0
DA:63,0
DA:64,0
DA:65,0
DA:66,0
DA:68,0
DA:69,0
DA:71,0
DA:73,0
DA:79,0
DA:80,0
DA:81,0
DA:82,0
DA:84,0
DA:86,0
DA:87,0
DA:88,0
DA:89,0
DA:90,0
DA:92,0
DA:98,0
LF:37
LH:2
BRDA:15,1,0,2
BRDA:15,1,1,0
BRDA:15,2,0,2
BRDA:15,2,1,2
BRDA:44,3,0,0
BRDA:44,3,1,0
BRDA:46,4,0,0
BRDA:46,4,1,0
BRDA:62,5,0,0
BRDA:62,5,1,0
BRDA:64,6,0,0
BRDA:64,6,1,0
BRDA:81,7,0,0
BRDA:81,7,1,0
BRDA:87,8,0,0
BRDA:87,8,1,0
BRDA:87,9,0,0
BRDA:87,9,1,0
BRDA:87,9,2,0
BRF:19
BRH:4
end_of_record
TN:
SF:/home/scc/work/passport_fe/static/src/components/components/bars/zgxlBar.vue
FN:15,_interopRequireDefault
FN:18,data
FN:34,getFirCode
FN:42,setFirCode
FN:52,getSecCode
FN:60,setSecCode
FN:78,zgxlCode
FN:98,zgxlCode
FN:104,ready
FNF:9
FNH:1
FNDA:2,_interopRequireDefault
FNDA:0,data
FNDA:0,getFirCode
FNDA:0,setFirCode
FNDA:0,getSecCode
FNDA:0,setSecCode
FNDA:0,zgxlCode
FNDA:0,zgxlCode
FNDA:0,ready
DA:0,2
DA:17,1
DA:20,0
DA:35,0
DA:39,0
DA:40,0
DA:43,0
DA:44,0
DA:45,0
DA:46,0
DA:47,0
DA:49,0
DA:53,0
DA:57,0
DA:58,0
DA:61,0
DA:62,0
DA:63,0
DA:64,0
DA:65,0
DA:66,0
DA:68,0
DA:69,0
DA:71,0
DA:73,0
DA:79,0
DA:80,0
DA:81,0
DA:82,0
DA:83,0
DA:84,0
DA:85,0
DA:86,0
DA:87,0
DA:88,0
DA:89,0
DA:90,0
DA:92,0
DA:98,0
LF:39
LH:2
BRDA:15,1,0,2
BRDA:15,1,1,0
BRDA:15,2,0,2
BRDA:15,2,1,2
BRDA:44,3,0,0
BRDA:44,3,1,0
BRDA:46,4,0,0
BRDA:46,4,1,0
BRDA:62,5,0,0
BRDA:62,5,1,0
BRDA:64,6,0,0
BRDA:64,6,1,0
BRDA:81,7,0,0
BRDA:81,7,1,0
BRDA:83,8,0,0
BRDA:83,8,1,0
BRDA:83,9,0,0
BRDA:83,9,1,0
BRDA:85,10,0,0
BRDA:85,10,1,0
BRDA:85,11,0,0
BRDA:85,11,1,0
BRDA:87,12,0,0
BRDA:87,12,1,0
BRDA:87,13,0,0
BRDA:87,13,1,0
BRDA:87,13,2,0
BRDA:89,14,0,0
BRDA:89,14,1,0
BRDA:89,15,0,0
BRDA:89,15,1,0
BRDA:89,15,2,0
BRDA:89,15,3,0
BRF:33
BRH:4
end_of_record
TN:
SF:/home/scc/work/passport_fe/static/src/components/components/baseCss.vue
FN:7,data
FNF:1
FNH:0
FNDA:0,data
DA:0,1
DA:509,0
LF:2
LH:1
BRF:0
BRH:0
end_of_record
TN:
SF:/home/scc/work/passport_fe/static/src/components/components/reportBugs.vue
FN:15,_interopRequireDefault
FN:18,data
FN:25,doneThing
FN:30,addBug
FN:38,ready
FNF:5
FNH:1
FNDA:2,_interopRequireDefault
FNDA:0,data
FNDA:0,doneThing
FNDA:0,addBug
FNDA:0,ready
DA:0,2
DA:25,1
DA:28,0
DA:34,0
DA:35,0
DA:38,0
DA:41,0
DA:44,0
DA:45,0
LF:9
LH:2
BRDA:15,1,0,2
BRDA:15,1,1,0
BRDA:15,2,0,2
BRDA:15,2,1,2
BRDA:27,3,0,0
BRDA:27,3,1,0
BRF:6
BRH:4
end_of_record
TN:
SF:/home/scc/work/passport_fe/static/src/components/components/teacherMsg.vue
FN:29,_interopRequireDefault
FN:32,data
FN:72,doneThing
FN:77,getDepartmentList
FN:80,useDepartmentList
FN:88,getOneTeacher
FN:92,setOneTeacher
FN:107,toEditTeacherMsg
FN:118,toEditTeacherBasicMsg
FN:132,teacherNumber
FN:138,teacherNumber
FN:142,jgCodeVuex
FN:146,zgxlCodeVuex
FN:150,zcjbCodeVuex
FN:161,ready
FNF:15
FNH:1
FNDA:5,_interopRequireDefault
FNDA:0,data
FNDA:0,doneThing
FNDA:0,getDepartmentList
FNDA:0,useDepartmentList
FNDA:0,getOneTeacher
FNDA:0,setOneTeacher
FNDA:0,toEditTeacherMsg
FNDA:0,toEditTeacherBasicMsg
FNDA:0,teacherNumber
FNDA:0,teacherNumber
FNDA:0,jgCodeVuex
FNDA:0,zgxlCodeVuex
FNDA:0,zcjbCodeVuex
FNDA:0,ready
DA:0,5
DA:184,1
DA:185,1
DA:186,1
DA:187,1
DA:188,1
DA:191,0
DA:230,0
DA:231,0
DA:234,0
DA:237,0
DA:240,0
DA:241,0
DA:242,0
DA:244,0
DA:248,0
DA:249,0
DA:252,0
DA:253,0
DA:254,0
DA:255,0
DA:256,0
DA:257,0
DA:258,0
DA:259,0
DA:260,0
DA:261,0
DA:263,0
DA:267,0
DA:268,0
DA:269,0
DA:270,0
DA:271,0
DA:272,0
DA:273,0
DA:274,0
DA:275,0
DA:278,0
DA:279,0
DA:280,0
DA:281,0
DA:283,0
DA:286,0
DA:292,0
DA:297,0
DA:298,0
DA:299,0
DA:300,0
DA:309,0
LF:49
LH:6
BRDA:29,1,0,2
BRDA:29,1,1,3
BRDA:29,2,0,5
BRDA:29,2,1,5
BRDA:74,3,0,0
BRDA:74,3,1,0
BRDA:81,4,0,0
BRDA:81,4,1,0
BRDA:93,5,0,0
BRDA:93,5,1,0
BRDA:119,6,0,0
BRDA:119,6,1,0
BRDA:119,7,0,0
BRDA:119,7,1,0
BRDA:120,8,0,0
BRDA:120,8,1,0
BRDA:120,9,0,0
BRDA:120,9,1,0
BRF:18
BRH:4
end_of_record
TN:
SF:/home/scc/work/passport_fe/static/src/components/demo.vue
FN:11,_interopRequireDefault
FN:14,data
FN:19,doneThing
FN:25,ready
FNF:4
FNH:1
FNDA:1,_interopRequireDefault
FNDA:0,data
FNDA:0,doneThing
FNDA:0,ready
DA:0,1
DA:5,1
DA:8,0
DA:12,0
DA:13,0
DA:16,0
LF:6
LH:2
BRDA:11,1,0,1
BRDA:11,1,1,0
BRDA:11,2,0,1
BRDA:11,2,1,1
BRDA:21,3,0,0
BRDA:21,3,1,0
BRF:6
BRH:4
end_of_record
TN:
SF:/home/scc/work/passport_fe/static/src/components/index.vue
FN:15,_interopRequireDefault
FN:18,data
FNF:2
FNH:1
FNDA:2,_interopRequireDefault
FNDA:0,data
DA:0,2
DA:14,1
DA:15,1
DA:18,0
LF:4
LH:3
BRDA:15,1,0,0
BRDA:15,1,1,2
BRDA:15,2,0,2
BRDA:15,2,1,2
BRF:4
BRH:4
end_of_record
TN:
SF:/home/scc/work/passport_fe/static/src/components/indexNavBar.vue
FN:11,_interopRequireDefault
FN:14,data
FN:25,logout
FN:29,getUserMsg
FN:32,setUserMsg
FN:44,getCurrentTerm
FN:47,setCurrentTerm
FN:53,ready
FNF:8
FNH:1
FNDA:1,_interopRequireDefault
FNDA:0,data
FNDA:0,logout
FNDA:0,getUserMsg
FNDA:0,setUserMsg
FNDA:0,getCurrentTerm
FNDA:0,setCurrentTerm
FNDA:0,ready
DA:0,1
DA:65,1
DA:69,0
DA:82,0
DA:83,0
DA:87,0
DA:90,0
DA:91,0
DA:92,0
DA:93,0
DA:94,0
DA:95,0
DA:96,0
DA:98,0
DA:102,0
DA:106,0
DA:107,0
DA:113,0
DA:114,0
LF:19
LH:2
BRDA:11,1,0,1
BRDA:11,1,1,0
BRDA:11,2,0,1
BRDA:11,2,1,1
BRDA:34,3,0,0
BRDA:34,3,1,0
BRDA:48,4,0,0
BRDA:48,4,1,0
BRF:8
BRH:4
end_of_record
TN:
SF:/home/scc/work/passport_fe/static/src/components/login.vue
FN:15,_interopRequireDefault
FN:18,data
FN:34,login
FN:43,toLogin
FN:59,activationStudent
FN:75,ready
FNF:6
FNH:1
FNDA:2,_interopRequireDefault
FNDA:0,data
FNDA:0,login
FNDA:0,toLogin
FNDA:0,activationStudent
FNDA:0,ready
DA:0,2
DA:97,1
DA:100,0
DA:122,0
DA:123,0
DA:127,0
DA:128,0
DA:131,0
DA:132,0
DA:133,0
DA:134,0
DA:135,0
DA:136,0
DA:138,0
DA:143,0
DA:146,0
DA:147,0
DA:151,0
DA:152,0
DA:153,0
DA:154,0
DA:156,0
DA:159,0
DA:162,0
DA:167,0
LF:25
LH:2
BRDA:15,1,0,2
BRDA:15,1,1,0
BRDA:15,2,0,2
BRDA:15,2,1,2
BRDA:44,3,0,0
BRDA:44,3,1,0
BRDA:48,4,0,0
BRDA:48,4,1,0
BRDA:60,5,0,0
BRDA:60,5,1,0
BRDA:60,6,0,0
BRDA:60,6,1,0
BRDA:61,7,0,0
BRDA:61,7,1,0
BRDA:61,8,0,0
BRDA:61,8,1,0
BRDA:62,9,0,0
BRDA:62,9,1,0
BRDA:62,10,0,0
BRDA:62,10,1,0
BRDA:62,10,2,0
BRF:21
BRH:4
end_of_record
TN:
SF:/home/scc/work/passport_fe/static/src/components/loginBox.vue
FN:15,_interopRequireDefault
FN:18,data
FNF:2
FNH:1
FNDA:2,_interopRequireDefault
FNDA:0,data
DA:0,2
DA:20,1
DA:21,1
DA:24,0
LF:4
LH:3
BRDA:15,1,0,0
BRDA:15,1,1,2
BRDA:15,2,0,2
BRDA:15,2,1,2
BRF:4
BRH:4
end_of_record
TN:
SF:/home/scc/work/passport_fe/static/src/components/major.vue
FN:11,_interopRequireDefault
FN:14,data
FN:21,logout
FN:25,getUserMsg
FN:29,setUserMsg
FN:38,ready
FNF:6
FNH:1
FNDA:1,_interopRequireDefault
FNDA:0,data
FNDA:0,logout
FNDA:0,getUserMsg
FNDA:0,setUserMsg
FNDA:0,ready
DA:0,1
DA:52,1
DA:55,0
DA:61,0
DA:62,0
DA:65,0
DA:66,0
DA:69,0
DA:70,0
DA:71,0
DA:73,0
LF:11
LH:2
BRDA:11,1,0,1
BRDA:11,1,1,0
BRDA:11,2,0,1
BRDA:11,2,1,1
BRDA:26,3,0,0
BRDA:26,3,1,0
BRDA:31,4,0,0
BRDA:31,4,1,0
BRF:8
BRH:4
end_of_record
TN:
SF:/home/scc/work/passport_fe/static/src/components/majorManage.vue
FN:15,_interopRequireDefault
FN:18,data
FN:42,doneThing
FN:51,activityOneMajor
FN:55,getCollegeList
FN:67,setCollegeList
FN:79,getMajorList
FN:86,setMajorList
FN:94,getOneMajor
FN:98,setOneMajor
FN:106,addOneMajor
FN:110,editOneMajor
FN:115,ready
FNF:13
FNH:1
FNDA:2,_interopRequireDefault
FNDA:0,data
FNDA:0,doneThing
FNDA:0,activityOneMajor
FNDA:0,getCollegeList
FNDA:0,setCollegeList
FNDA:0,getMajorList
FNDA:0,setMajorList
FNDA:0,getOneMajor
FNDA:0,setOneMajor
FNDA:0,addOneMajor
FNDA:0,editOneMajor
FNDA:0,ready
DA:0,2
DA:158,1
DA:161,0
DA:184,0
DA:185,0
DA:186,0
DA:187,0
DA:189,0
DA:193,0
DA:194,0
DA:197,0
DA:198,0
DA:199,0
DA:200,0
DA:201,0
DA:202,0
DA:203,0
DA:205,0
DA:209,0
DA:210,0
DA:211,0
DA:212,0
DA:213,0
DA:214,0
DA:215,0
DA:217,0
DA:221,0
DA:224,0
DA:225,0
DA:228,0
DA:229,0
DA:230,0
DA:232,0
DA:236,0
DA:237,0
DA:240,0
DA:241,0
DA:242,0
DA:244,0
DA:248,0
DA:249,0
DA:252,0
DA:253,0
DA:257,0
LF:44
LH:2
BRDA:15,1,0,2
BRDA:15,1,1,0
BRDA:15,2,0,2
BRDA:15,2,1,2
BRDA:44,3,0,0
BRDA:44,3,1,0
BRDA:56,4,0,0
BRDA:56,4,1,0
BRDA:69,5,0,0
BRDA:69,5,1,0
BRDA:88,6,0,0
BRDA:88,6,1,0
BRDA:100,7,0,0
BRDA:100,7,1,0
BRF:14
BRH:4
end_of_record
TN:
SF:/home/scc/work/passport_fe/static/src/components/notice.vue
FN:7,data
FNF:1
FNH:0
FNDA:0,data
DA:0,1
DA:66,0
LF:2
LH:1
BRF:0
BRH:0
end_of_record
TN:
SF:/home/scc/work/passport_fe/static/src/components/opinion.vue
FN:15,_interopRequireDefault
FN:18,data
FN:37,doneThing
FN:45,toActivityId
FN:48,getTypeList
FN:51,setTypeList
FN:60,getOpinionList
FN:65,setOpinionList
FN:77,submitOpinion
FN:97,deleteOpinion
FN:100,getOneOpinion
FN:104,setOneOpinion
FN:113,ready
FNF:13
FNH:1
FNDA:2,_interopRequireDefault
FNDA:0,data
FNDA:0,doneThing
FNDA:0,toActivityId
FNDA:0,getTypeList
FNDA:0,setTypeList
FNDA:0,getOpinionList
FNDA:0,setOpinionList
FNDA:0,submitOpinion
FNDA:0,deleteOpinion
FNDA:0,getOneOpinion
FNDA:0,setOneOpinion
FNDA:0,ready
DA:0,2
DA:132,1
DA:135,0
DA:153,0
DA:154,0
DA:155,0
DA:157,0
DA:158,0
DA:161,0
DA:164,0
DA:167,0
DA:168,0
DA:169,0
DA:170,0
DA:172,0
DA:176,0
DA:177,0
DA:178,0
DA:181,0
DA:182,0
DA:183,0
DA:184,0
DA:185,0
DA:186,0
DA:187,0
DA:189,0
DA:193,0
DA:194,0
DA:195,0
DA:196,0
DA:197,0
DA:202,0
DA:203,0
DA:205,0
DA:208,0
DA:213,0
DA:216,0
DA:217,0
DA:220,0
DA:221,0
DA:222,0
DA:224,0
DA:229,0
LF:43
LH:2
BRDA:15,1,0,2
BRDA:15,1,1,0
BRDA:15,2,0,2
BRDA:15,2,1,2
BRDA:39,3,0,0
BRDA:39,3,1,0
BRDA:53,4,0,0
BRDA:53,4,1,0
BRDA:67,5,0,0
BRDA:67,5,1,0
BRDA:78,6,0,0
BRDA:78,6,1,0
BRDA:79,7,0,0
BRDA:79,7,1,0
BRDA:79,8,0,0
BRDA:79,8,1,0
BRDA:80,9,0,0
BRDA:80,9,1,0
BRDA:106,10,0,0
BRDA:106,10,1,0
BRF:20
BRH:4
end_of_record
TN:
SF:/home/scc/work/passport_fe/static/src/components/person.vue
FN:11,_interopRequireDefault
FN:14,data
FN:27,getMsgs
FN:30,useBasic
FN:50,useFamily
FN:59,useSchoolRoll
FN:71,ready
FNF:7
FNH:1
FNDA:1,_interopRequireDefault
FNDA:0,data
FNDA:0,getMsgs
FNDA:0,useBasic
FNDA:0,useFamily
FNDA:0,useSchoolRoll
FNDA:0,ready
DA:0,1
DA:357,1
DA:360,0
DA:372,0
DA:375,0
DA:376,0
DA:377,0
DA:378,0
DA:379,0
DA:381,0
DA:383,0
DA:384,0
DA:385,0
DA:386,0
DA:387,0
DA:390,0
DA:392,0
DA:395,0
DA:396,0
DA:398,0
DA:399,0
DA:402,0
DA:406,0
DA:407,0
DA:408,0
DA:409,0
DA:411,0
DA:413,0
DA:418,0
LF:29
LH:2
BRDA:11,1,0,1
BRDA:11,1,1,0
BRDA:11,2,0,1
BRDA:11,2,1,1
BRDA:32,3,0,0
BRDA:32,3,1,0
BRDA:33,4,0,0
BRDA:33,4,1,0
BRDA:41,5,0,0
BRDA:41,5,1,0
BRDA:52,6,0,0
BRDA:52,6,1,0
BRDA:61,7,0,0
BRDA:61,7,1,0
BRF:14
BRH:4
end_of_record
TN:
SF:/home/scc/work/passport_fe/static/src/components/regainPassword.vue
FN:15,_interopRequireDefault
FN:19,data
FN:30,getPhoneNumber
FN:44,usePhoneNumber
FN:51,getTestcode
FN:58,testcodeTime
FN:60,temout
FN:69,(anonymous_8)
FN:77,useTestcode
FN:84,resetPassword
FN:97,succRePassword
FNF:11
FNH:1
FNDA:2,_interopRequireDefault
FNDA:0,data
FNDA:0,getPhoneNumber
FNDA:0,usePhoneNumber
FNDA:0,getTestcode
FNDA:0,testcodeTime
FNDA:0,temout
FNDA:0,(anonymous_8)
FNDA:0,useTestcode
FNDA:0,resetPassword
FNDA:0,succRePassword
DA:0,2
DA:64,1
DA:65,1
DA:68,0
DA:78,0
DA:79,0
DA:80,0
DA:81,0
DA:82,0
DA:86,0
DA:87,0
DA:88,0
DA:92,0
DA:93,0
DA:95,0
DA:99,0
DA:102,0
DA:103,0
DA:106,0
DA:107,0
DA:108,0
DA:109,0
DA:110,0
DA:111,0
DA:113,0
DA:114,0
DA:115,0
DA:116,0
DA:117,0
DA:122,0
DA:123,0
DA:126,0
DA:127,0
DA:129,0
DA:133,0
DA:134,0
DA:139,0
DA:140,0
DA:142,0
DA:146,0
DA:147,0
DA:148,0
DA:150,0
LF:43
LH:3
BRDA:15,1,0,2
BRDA:15,1,1,0
BRDA:15,2,0,2
BRDA:15,2,1,2
BRDA:32,3,0,0
BRDA:32,3,1,0
BRDA:32,4,0,0
BRDA:32,4,1,0
BRDA:45,5,0,0
BRDA:45,5,1,0
BRDA:61,6,0,0
BRDA:61,6,1,0
BRDA:78,7,0,0
BRDA:78,7,1,0
BRDA:85,8,0,0
BRDA:85,8,1,0
BRDA:98,9,0,0
BRDA:98,9,1,0
BRF:18
BRH:4
end_of_record
TN:
SF:/home/scc/work/passport_fe/static/src/components/schoolCommunication.vue
FN:11,_interopRequireDefault
FN:14,data
FN:25,doneThing
FN:32,getworkPlace
FN:35,setworkPlace
FN:46,geTeacherCommunication
FN:50,setTeacherCommunication
FN:65,bigPic
FN:75,ready
FNF:9
FNH:1
FNDA:1,_interopRequireDefault
FNDA:0,data
FNDA:0,doneThing
FNDA:0,getworkPlace
FNDA:0,setworkPlace
FNDA:0,geTeacherCommunication
FNDA:0,setTeacherCommunication
FNDA:0,bigPic
FNDA:0,ready
DA:0,1
DA:77,1
DA:80,0
DA:90,0
DA:91,0
DA:92,0
DA:94,0
DA:97,0
DA:100,0
DA:101,0
DA:102,0
DA:104,0
DA:105,0
DA:108,0
DA:112,0
DA:113,0
DA:116,0
DA:117,0
DA:119,0
DA:120,0
DA:121,0
DA:123,0
DA:124,0
DA:125,0
DA:126,0
DA:128,0
DA:132,0
DA:133,0
DA:134,0
DA:135,0
DA:136,0
DA:142,0
LF:32
LH:2
BRDA:11,1,0,1
BRDA:11,1,1,0
BRDA:11,2,0,1
BRDA:11,2,1,1
BRDA:27,3,0,0
BRDA:27,3,1,0
BRDA:37,4,0,0
BRDA:37,4,1,0
BRDA:52,5,0,0
BRDA:52,5,1,0
BRDA:68,6,0,0
BRDA:68,6,1,0
BRF:12
BRH:4
end_of_record
TN:
SF:/home/scc/work/passport_fe/static/src/components/schoolMaintenance.vue
FN:15,_interopRequireDefault
FN:18,data
FN:37,doneThing
FN:44,getCollegeList
FN:52,setCollegeList
FN:61,getStudentSelfList
FN:65,setStudentSelfList
FN:77,getOneTerm
FN:81,geTermClassList
FN:91,setTermClassList
FN:99,editSchoolRoll
FN:108,ready
FNF:12
FNH:1
FNDA:2,_interopRequireDefault
FNDA:0,data
FNDA:0,doneThing
FNDA:0,getCollegeList
FNDA:0,setCollegeList
FNDA:0,getStudentSelfList
FNDA:0,setStudentSelfList
FNDA:0,getOneTerm
FNDA:0,geTermClassList
FNDA:0,setTermClassList
FNDA:0,editSchoolRoll
FNDA:0,ready
DA:0,2
DA:123,1
DA:126,0
DA:144,0
DA:145,0
DA:146,0
DA:148,0
DA:151,0
DA:152,0
DA:153,0
DA:155,0
DA:159,0
DA:160,0
DA:161,0
DA:162,0
DA:164,0
DA:168,0
DA:169,0
DA:172,0
DA:173,0
DA:174,0
DA:175,0
DA:176,0
DA:177,0
DA:178,0
DA:180,0
DA:184,0
DA:185,0
DA:188,0
DA:194,0
DA:195,0
DA:198,0
DA:199,0
DA:200,0
DA:202,0
DA:206,0
DA:210,0
DA:211,0
DA:215,0
LF:39
LH:2
BRDA:15,1,0,2
BRDA:15,1,1,0
BRDA:15,2,0,2
BRDA:15,2,1,2
BRDA:39,3,0,0
BRDA:39,3,1,0
BRDA:45,4,0,0
BRDA:45,4,1,0
BRDA:54,5,0,0
BRDA:54,5,1,0
BRDA:67,6,0,0
BRDA:67,6,1,0
BRDA:93,7,0,0
BRDA:93,7,1,0
BRF:14
BRH:4
end_of_record
TN:
SF:/home/scc/work/passport_fe/static/src/components/studentQuery.vue
FN:21,_interopRequireDefault
FN:24,data
FN:44,getCollegeList
FN:52,setCollegeList
FN:61,getClassList
FN:70,setClassList
FN:78,getStudentList
FN:90,setStudentList
FN:98,getStudentMsg
FN:105,ready
FNF:10
FNH:1
FNDA:3,_interopRequireDefault
FNDA:0,data
FNDA:0,getCollegeList
FNDA:0,setCollegeList
FNDA:0,getClassList
FNDA:0,setClassList
FNDA:0,getStudentList
FNDA:0,setStudentList
FNDA:0,getStudentMsg
FNDA:0,ready
DA:0,3
DA:111,1
DA:112,1
DA:113,1
DA:117,0
DA:136,0
DA:137,0
DA:138,0
DA:140,0
DA:144,0
DA:145,0
DA:146,0
DA:147,0
DA:149,0
DA:153,0
DA:158,0
DA:159,0
DA:162,0
DA:163,0
DA:164,0
DA:166,0
DA:170,0
DA:178,0
DA:179,0
DA:182,0
DA:183,0
DA:184,0
DA:186,0
DA:199,0
LF:29
LH:4
BRDA:21,1,0,2
BRDA:21,1,1,1
BRDA:21,2,0,3
BRDA:21,2,1,3
BRDA:45,3,0,0
BRDA:45,3,1,0
BRDA:54,4,0,0
BRDA:54,4,1,0
BRDA:72,5,0,0
BRDA:72,5,1,0
BRDA:92,6,0,0
BRDA:92,6,1,0
BRF:12
BRH:4
end_of_record
TN:
SF:/home/scc/work/passport_fe/static/src/components/studentRoster.vue
FN:21,_interopRequireDefault
FN:24,data
FN:40,setDefauleSelect
FN:44,getClassList
FN:48,setClassList
FN:60,getStudentList
FN:64,setStudentList
FN:73,activityOneStudent
FN:76,getStudentMsg
FN:86,ready
FNF:10
FNH:1
FNDA:3,_interopRequireDefault
FNDA:0,data
FNDA:0,setDefauleSelect
FNDA:0,getClassList
FNDA:0,setClassList
FNDA:0,getStudentList
FNDA:0,setStudentList
FNDA:0,activityOneStudent
FNDA:0,getStudentMsg
FNDA:0,ready
DA:0,3
DA:73,1
DA:74,1
DA:75,1
DA:76,1
DA:80,0
DA:95,0
DA:96,0
DA:99,0
DA:100,0
DA:103,0
DA:104,0
DA:105,0
DA:106,0
DA:107,0
DA:108,0
DA:111,0
DA:115,0
DA:116,0
DA:119,0
DA:120,0
DA:121,0
DA:122,0
DA:124,0
DA:128,0
DA:131,0
DA:132,0
DA:141,0
LF:28
LH:5
BRDA:21,1,0,1
BRDA:21,1,1,2
BRDA:21,2,0,3
BRDA:21,2,1,3
BRDA:50,3,0,0
BRDA:50,3,1,0
BRDA:52,4,0,0
BRDA:52,4,1,0
BRDA:66,5,0,0
BRDA:66,5,1,0
BRF:10
BRH:4
end_of_record
TN:
SF:/home/scc/work/passport_fe/static/src/components/teacherAttendanceRecord.vue
FN:15,_interopRequireDefault
FN:18,data
FN:33,doneThing
FN:38,getDate
FN:55,selectedDay
FN:68,teacheRecords
FN:82,ready
FNF:7
FNH:1
FNDA:2,_interopRequireDefault
FNDA:0,data
FNDA:0,doneThing
FNDA:0,getDate
FNDA:0,selectedDay
FNDA:0,teacheRecords
FNDA:0,ready
DA:0,2
DA:54,1
DA:57,0
DA:71,0
DA:73,0
DA:76,0
DA:77,0
DA:78,0
DA:79,0
DA:80,0
DA:82,0
DA:83,0
DA:85,0
DA:87,0
DA:88,0
DA:89,0
DA:92,0
DA:93,0
DA:95,0
DA:96,0
DA:97,0
DA:98,0
DA:99,0
DA:100,0
DA:102,0
DA:106,0
DA:107,0
DA:108,0
DA:109,0
DA:110,0
DA:114,0
DA:115,0
DA:116,0
DA:120,0
DA:121,0
LF:35
LH:2
BRDA:15,1,0,2
BRDA:15,1,1,0
BRDA:15,2,0,2
BRDA:15,2,1,2
BRDA:42,3,0,0
BRDA:42,3,1,0
BRDA:45,4,0,0
BRDA:45,4,1,0
BRDA:57,5,0,0
BRDA:57,5,1,0
BRF:10
BRH:4
end_of_record
TN:
SF:/home/scc/work/passport_fe/static/src/components/teacherManage.vue
FN:33,_interopRequireDefault
FN:36,data
FN:108,doneThing
FN:117,getGroupList
FN:120,useGroupList
FN:128,getDepartmentList
FN:131,useDepartmentList
FN:140,getTeacherList
FN:144,useTeacherList
FN:153,addOneTeacher
FN:157,activityOneTeacher
FN:160,(anonymous_12)
FN:166,deleteOneTeacher
FN:169,regainOneTeacher
FN:173,resetPassword
FN:176,getOneTeacher
FN:180,setOneTeacher
FN:192,changeOrder
FN:196,getTeacherRoles
FN:201,setTeacherRoles
FN:208,(anonymous_21)
FN:212,(anonymous_22)
FN:226,changeTeacherRoles
FN:230,activationTeacher
FN:240,ready
FNF:25
FNH:1
FNDA:6,_interopRequireDefault
FNDA:0,data
FNDA:0,doneThing
FNDA:0,getGroupList
FNDA:0,useGroupList
FNDA:0,getDepartmentList
FNDA:0,useDepartmentList
FNDA:0,getTeacherList
FNDA:0,useTeacherList
FNDA:0,addOneTeacher
FNDA:0,activityOneTeacher
FNDA:0,(anonymous_12)
FNDA:0,deleteOneTeacher
FNDA:0,regainOneTeacher
FNDA:0,resetPassword
FNDA:0,getOneTeacher
FNDA:0,setOneTeacher
FNDA:0,changeOrder
FNDA:0,getTeacherRoles
FNDA:0,setTeacherRoles
FNDA:0,(anonymous_21)
FNDA:0,(anonymous_22)
FNDA:0,changeTeacherRoles
FNDA:0,activationTeacher
FNDA:0,ready
DA:0,6
DA:259,1
DA:261,1
DA:262,1
DA:263,1
DA:264,1
DA:265,1
DA:268,0
DA:339,0
DA:340,0
DA:341,0
DA:342,0
DA:344,0
DA:348,0
DA:351,0
DA:352,0
DA:353,0
DA:355,0
DA:359,0
DA:362,0
DA:363,0
DA:364,0
DA:365,0
DA:367,0
DA:371,0
DA:372,0
DA:375,0
DA:376,0
DA:377,0
DA:378,0
DA:380,0
DA:384,0
DA:385,0
DA:388,0
DA:389,0
DA:390,0
DA:391,0
DA:392,0
DA:397,0
DA:400,0
DA:401,0
DA:404,0
DA:407,0
DA:408,0
DA:411,0
DA:412,0
DA:413,0
DA:414,0
DA:415,0
DA:416,0
DA:417,0
DA:419,0
DA:423,0
DA:424,0
DA:427,0
DA:428,0
DA:429,0
DA:431,0
DA:432,0
DA:433,0
DA:434,0
DA:435,0
DA:436,0
DA:437,0
DA:438,0
DA:441,0
DA:442,0
DA:443,0
DA:447,0
DA:451,0
DA:452,0
DA:455,0
DA:456,0
DA:465,0
DA:466,0
LF:75
LH:7
BRDA:33,1,0,2
BRDA:33,1,1,4
BRDA:33,2,0,6
BRDA:33,2,1,6
BRDA:110,3,0,0
BRDA:110,3,1,0
BRDA:121,4,0,0
BRDA:121,4,1,0
BRDA:132,5,0,0
BRDA:132,5,1,0
BRDA:145,6,0,0
BRDA:145,6,1,0
BRDA:161,7,0,0
BRDA:161,7,1,0
BRDA:181,8,0,0
BRDA:181,8,1,0
BRDA:205,9,0,0
BRDA:205,9,1,0
BRDA:217,10,0,0
BRDA:217,10,1,0
BRF:20
BRH:4
end_of_record
TN:
SF:/home/scc/work/passport_fe/static/src/components/teachingWeekly.vue
FN:7,data
FN:12,ready
FN:13,(anonymous_3)
FNF:3
FNH:0
FNDA:0,data
FNDA:0,ready
FNDA:0,(anonymous_3)
DA:0,1
DA:550,0
DA:558,0
DA:559,0
LF:4
LH:1
BRF:0
BRH:0
end_of_record
TN:
SF:/home/scc/work/passport_fe/static/src/components/termClassManage.vue
FN:15,_interopRequireDefault
FN:18,data
FN:50,doneThing
FN:57,toActivityTermClass
FN:62,getCollegeList
FN:66,setCollegeList
FN:80,getMajorList
FN:87,setMajorList
FN:95,getClassList
FN:105,setClassList
FN:114,addTermClass
FN:120,getInstrucatorList
FN:124,setInstrucatorList
FN:132,editInstrucator
FN:140,createTermClass
FN:146,deleteTermClass
FN:150,ready
FNF:17
FNH:1
FNDA:2,_interopRequireDefault
FNDA:0,data
FNDA:0,doneThing
FNDA:0,toActivityTermClass
FNDA:0,getCollegeList
FNDA:0,setCollegeList
FNDA:0,getMajorList
FNDA:0,setMajorList
FNDA:0,getClassList
FNDA:0,setClassList
FNDA:0,addTermClass
FNDA:0,getInstrucatorList
FNDA:0,setInstrucatorList
FNDA:0,editInstrucator
FNDA:0,createTermClass
FNDA:0,deleteTermClass
FNDA:0,ready
DA:0,2
DA:153,1
DA:156,0
DA:187,0
DA:188,0
DA:189,0
DA:191,0
DA:194,0
DA:195,0
DA:197,0
DA:200,0
DA:201,0
DA:204,0
DA:205,0
DA:206,0
DA:207,0
DA:208,0
DA:210,0
DA:212,0
DA:214,0
DA:218,0
DA:221,0
DA:222,0
DA:225,0
DA:226,0
DA:227,0
DA:229,0
DA:233,0
DA:234,0
DA:235,0
DA:239,0
DA:240,0
DA:243,0
DA:244,0
DA:245,0
DA:246,0
DA:248,0
DA:252,0
DA:255,0
DA:258,0
DA:259,0
DA:262,0
DA:263,0
DA:264,0
DA:266,0
DA:270,0
DA:273,0
DA:274,0
DA:275,0
DA:278,0
DA:281,0
DA:284,0
DA:288,0
LF:53
LH:2
BRDA:15,1,0,2
BRDA:15,1,1,0
BRDA:15,2,0,2
BRDA:15,2,1,2
BRDA:52,3,0,0
BRDA:52,3,1,0
BRDA:68,4,0,0
BRDA:68,4,1,0
BRDA:70,5,0,0
BRDA:70,5,1,0
BRDA:70,6,0,0
BRDA:70,6,1,0
BRDA:89,7,0,0
BRDA:89,7,1,0
BRDA:107,8,0,0
BRDA:107,8,1,0
BRDA:126,9,0,0
BRDA:126,9,1,0
BRF:18
BRH:4
end_of_record
TN:
SF:/home/scc/work/passport_fe/static/src/qiNiu.js
FN:11,_interopRequireDefault
FN:13,upload
FN:37,FilesAdded
FN:38,(anonymous_4)
FN:42,BeforeUpload
FN:46,UploadProgress
FN:49,FileUploaded
FN:53,Error
FN:56,UploadComplete
FN:60,Key
FN:69,addScripts
FN:70,createSctipt
FNF:12
FNH:1
FNDA:1,_interopRequireDefault
FNDA:0,upload
FNDA:0,FilesAdded
FNDA:0,(anonymous_4)
FNDA:0,BeforeUpload
FNDA:0,UploadProgress
FNDA:0,FileUploaded
FNDA:0,Error
FNDA:0,UploadComplete
FNDA:0,Key
FNDA:0,addScripts
FNDA:0,createSctipt
DA:0,1
DA:1,1
DA:3,1
DA:5,0
DA:35,0
DA:36,0
DA:41,0
DA:42,0
DA:46,0
DA:50,0
DA:51,0
DA:54,0
DA:58,0
DA:59,0
DA:65,0
DA:66,0
DA:68,0
DA:75,1
DA:76,0
DA:77,0
DA:78,0
DA:79,0
DA:80,0
DA:81,0
DA:82,0
DA:84,0
DA:85,0
DA:86,0
LF:28
LH:4
BRDA:11,1,0,1
BRDA:11,1,1,0
BRDA:11,2,0,1
BRDA:11,2,1,1
BRF:4
BRH:4
end_of_record
TN:
SF:/home/scc/work/passport_fe/static/src/router.js
FN:5,component
FN:11,component
FN:16,component
FN:23,component
FN:29,component
FN:34,component
FN:39,component
FN:44,component
FN:49,component
FN:54,component
FN:59,component
FN:64,component
FN:69,component
FN:74,component
FN:79,component
FN:84,component
FN:89,component
FN:94,component
FN:99,component
FN:104,component
FN:109,component
FN:114,component
FN:119,component
FN:124,component
FN:129,component
FN:134,component
FN:139,component
FN:144,component
FN:149,component
FN:154,component
FN:159,component
FN:164,component
FN:169,component
FN:174,component
FN:179,component
FN:184,component
FN:189,component
FN:194,component
FN:199,component
FN:204,component
FN:209,component
FN:214,component
FN:219,component
FN:224,component
FN:229,component
FN:234,component
FN:239,component
FN:244,component
FN:249,component
FN:254,component
FN:259,component
FNF:51
FNH:0
FNDA:0,component
FNDA:0,component
FNDA:0,component
FNDA:0,component
FNDA:0,component
FNDA:0,component
FNDA:0,component
FNDA:0,component
FNDA:0,component
FNDA:0,component
FNDA:0,component
FNDA:0,component
FNDA:0,component
FNDA:0,component
FNDA:0,component
FNDA:0,component
FNDA:0,component
FNDA:0,component
FNDA:0,component
FNDA:0,component
FNDA:0,component
FNDA:0,component
FNDA:0,component
FNDA:0,component
FNDA:0,component
FNDA:0,component
FNDA:0,component
FNDA:0,component
FNDA:0,component
FNDA:0,component
FNDA:0,component
FNDA:0,component
FNDA:0,component
FNDA:0,component
FNDA:0,component
FNDA:0,component
FNDA:0,component
FNDA:0,component
FNDA:0,component
FNDA:0,component
FNDA:0,component
FNDA:0,component
FNDA:0,component
FNDA:0,component
FNDA:0,component
FNDA:0,component
FNDA:0,component
FNDA:0,component
FNDA:0,component
FNDA:0,component
FNDA:0,component
DA:1,1
DA:4,0
DA:10,0
DA:16,0
DA:24,0
DA:30,0
DA:35,0
DA:41,0
DA:47,0
DA:53,0
DA:59,0
DA:65,0
DA:71,0
DA:77,0
DA:83,0
DA:89,0
DA:95,0
DA:101,0
DA:107,0
DA:113,0
DA:119,0
DA:124,0
DA:129,0
DA:134,0
DA:139,0
DA:144,0
DA:149,0
DA:154,0
DA:159,0
DA:164,0
DA:169,0
DA:174,0
DA:179,0
DA:184,0
DA:189,0
DA:194,0
DA:199,0
DA:204,0
DA:209,0
DA:214,0
DA:219,0
DA:224,0
DA:229,0
DA:234,0
DA:239,0
DA:244,0
DA:249,0
DA:254,0
DA:259,0
DA:264,0
DA:269,0
DA:274,0
LF:52
LH:1
BRF:0
BRH:0
end_of_record
TN:
SF:/home/scc/work/passport_fe/static/src/vuex/getters.js
FNF:0
FNH:0
LF:0
LH:0
BRF:0
BRH:0
end_of_record
TN:
SF:/home/scc/work/passport_fe/static/src/vuex/modules/location.js
FN:15,_interopRequireDefault
FN:22,(anonymous_2)
FN:25,(anonymous_3)
FNF:3
FNH:1
FNDA:1,_interopRequireDefault
FNDA:0,(anonymous_2)
FNDA:0,(anonymous_3)
DA:0,1
DA:1,1
DA:6,1
DA:11,1
DA:13,0
DA:14,0
DA:17,0
DA:18,0
LF:8
LH:4
BRDA:15,1,0,1
BRDA:15,1,1,0
BRDA:15,2,0,1
BRDA:15,2,1,1
BRF:4
BRH:4
end_of_record
TN:
SF:/home/scc/work/passport_fe/static/src/vuex/modules/peopleMsg.js
FN:15,_interopRequireDefault
FN:22,(anonymous_2)
FN:24,(anonymous_3)
FNF:3
FNH:1
FNDA:1,_interopRequireDefault
FNDA:0,(anonymous_2)
FNDA:0,(anonymous_3)
DA:0,1
DA:1,1
DA:6,1
DA:11,1
DA:13,0
DA:16,0
LF:6
LH:4
BRDA:15,1,0,1
BRDA:15,1,1,0
BRDA:15,2,0,1
BRDA:15,2,1,1
BRF:4
BRH:4
end_of_record
TN:
SF:/home/scc/work/passport_fe/static/src/vuex/modules/selectBars.js
FN:15,_interopRequireDefault
FN:25,(anonymous_2)
FN:27,(anonymous_3)
FN:29,(anonymous_4)
FN:31,(anonymous_5)
FN:33,(anonymous_6)
FNF:6
FNH:1
FNDA:1,_interopRequireDefault
FNDA:0,(anonymous_2)
FNDA:0,(anonymous_3)
FNDA:0,(anonymous_4)
FNDA:0,(anonymous_5)
FNDA:0,(anonymous_6)
DA:0,1
DA:1,1
DA:9,1
DA:17,1
DA:19,0
DA:22,0
DA:25,0
DA:28,0
DA:31,0
LF:9
LH:4
BRDA:15,1,0,1
BRDA:15,1,1,0
BRDA:15,2,0,1
BRDA:15,2,1,1
BRF:4
BRH:4
end_of_record
TN:
SF:/home/scc/work/passport_fe/static/src/vuex/store.js
FN:31,_interopRequireDefault
FNF:1
FNH:1
FNDA:6,_interopRequireDefault
DA:0,6
DA:1,1
DA:2,1
DA:3,1
DA:4,1
DA:5,1
DA:6,1
DA:8,1
DA:9,1
DA:11,1
LF:10
LH:10
BRDA:31,1,0,3
BRDA:31,1,1,3
BRDA:31,2,0,6
BRDA:31,2,1,6
BRDA:45,3,0,1
BRDA:45,3,1,0
BRF:6
BRH:5
end_of_record
